This is pdfTeX, Version 3.141592653-2.6-1.40.23 (MiKTeX 21.10) (preloaded format=pdflatex 2021.11.23)  31 DEC 2021 00:21
entering extended mode
**./0_Thesis.tex
(0_Thesis.tex
LaTeX2e <2021-11-15>
L3 programming layer <2021-11-12>
runsystem(makeindex 0_Thesis.nlo -s nomencl.ist -o 0_Thesis.nls)...executed (al
lowed).

 (ualberta.cls
Document Class: ualberta 2018/09/18 V:1.0.0 ualberta Document Class
(C:\Program Files\MiKTeX\tex/latex/nomencl\nomencl.sty
Package: nomencl 2021/11/10 v5.6 Nomenclature package

(C:\Program Files\MiKTeX\tex/latex/xkeyval\xkeyval.sty
Package: xkeyval 2020/11/20 v2.8 package option processing (HA)

(C:\Program Files\MiKTeX\tex/generic/xkeyval\xkeyval.tex
(C:\Program Files\MiKTeX\tex/generic/xkeyval\xkvutils.tex
\XKV@toks=\toks16
\XKV@tempa@toks=\toks17

(C:\Program Files\MiKTeX\tex/generic/xkeyval\keyval.tex))
\XKV@depth=\count183
File: xkeyval.tex 2014/12/03 v2.7a key=value parser (HA)
))
(C:\Program Files\MiKTeX\tex/latex/base\ifthen.sty
Package: ifthen 2020/11/24 v1.1c Standard LaTeX ifthen package (DPC)
)
(C:\Program Files\MiKTeX\tex/latex/koma-script\tocbasic.sty
Package: tocbasic 2021/11/13 v3.35 KOMA-Script package (handling toc-files)

(C:\Program Files\MiKTeX\tex/latex/koma-script\scrbase.sty
Package: scrbase 2021/11/13 v3.35 KOMA-Script package (KOMA-Script-independent 
basics and keyval usage)

(C:\Program Files\MiKTeX\tex/latex/koma-script\scrlfile.sty
Package: scrlfile 2021/11/13 v3.35 KOMA-Script package (file load hooks)

(C:\Program Files\MiKTeX\tex/latex/koma-script\scrlfile-hook.sty
Package: scrlfile-hook 2021/11/13 v3.35 KOMA-Script package (using LaTeX hooks)


(C:\Program Files\MiKTeX\tex/latex/koma-script\scrlogo.sty
Package: scrlogo 2021/11/13 v3.35 KOMA-Script package (logo)
)))
Applying: [2021/05/01] Usage of raw or classic option list on input line 252.
Already applied: [0000/00/00] Usage of raw or classic option list on input line
 368.
)
\scr@dte@tocline@numberwidth=\skip47
\scr@dte@tocline@numbox=\box50
)
Package tocbasic Info: babel extension for `nlo' omitted
(tocbasic)             because of missing \bbl@set@language on input line 187.
Package tocbasic Info: babel extension for `nls' omitted
(tocbasic)             because of missing \bbl@set@language on input line 188.
\nomlabelwidth=\dimen138
\nom@tempdim=\dimen139
\nomitemsep=\skip48
)
\@nomenclaturefile=\write3
\openout3 = `0_Thesis.nlo'.

Package nomencl Info: Writing nomenclature file 0_Thesis.nlo on input line 35.

(C:\Program Files\MiKTeX\tex/latex/etoolbox\etoolbox.sty
Package: etoolbox 2020/10/05 v2.5k e-TeX tools for LaTeX (JAW)
\etb@tempcnta=\count184
)
\c@baseSection=\count185

(C:\Program Files\MiKTeX\tex/latex/base\size12.clo
File: size12.clo 2021/10/04 v1.4n Standard LaTeX file (size option)
)
\c@part=\count186
\c@chapter=\count187
\c@section=\count188
\c@subsection=\count189
\c@subsubsection=\count190
\c@paragraph=\count191
\c@subparagraph=\count192
\c@figure=\count193
\c@table=\count194
\c@plate=\count195
\abovecaptionskip=\skip49
\belowcaptionskip=\skip50
\bibindent=\dimen140

(C:\Program Files\MiKTeX\tex/latex/glossaries/base\glossaries.sty
Package: glossaries 2021/11/01 v4.49 (NLCT)

(C:\Program Files\MiKTeX\tex/latex/mfirstuc\mfirstuc.sty
Package: mfirstuc 2021/10/15 v2.07 (NLCT)
\@glsmfirst=\toks18
\@glsmrest=\toks19
)
(C:\Program Files\MiKTeX\tex/latex/textcase\textcase.sty
Package: textcase 2019/09/14 v1.00 Text only upper/lower case changing (DPC)
)
(C:\Program Files\MiKTeX\tex/latex/xfor\xfor.sty
Package: xfor 2009/02/05 v1.05 (NLCT)
)
(C:\Program Files\MiKTeX\tex/latex/datatool\datatool-base.sty
Package: datatool-base 2019/09/27 v2.32 (NLCT)

(C:\Program Files\MiKTeX\tex/latex/amsmath\amsmath.sty
Package: amsmath 2021/10/15 v2.17l AMS math features
\@mathmargin=\skip51

For additional information on amsmath, use the `?' option.
(C:\Program Files\MiKTeX\tex/latex/amsmath\amstext.sty
Package: amstext 2021/08/26 v2.01 AMS text

(C:\Program Files\MiKTeX\tex/latex/amsmath\amsgen.sty
File: amsgen.sty 1999/11/30 v2.0 generic functions
\@emptytoks=\toks20
\ex@=\dimen141
))
(C:\Program Files\MiKTeX\tex/latex/amsmath\amsbsy.sty
Package: amsbsy 1999/11/29 v1.2d Bold Symbols
\pmbraise@=\dimen142
)
(C:\Program Files\MiKTeX\tex/latex/amsmath\amsopn.sty
Package: amsopn 2021/08/26 v2.02 operator names
)
\inf@bad=\count196
LaTeX Info: Redefining \frac on input line 234.
\uproot@=\count197
\leftroot@=\count198
LaTeX Info: Redefining \overline on input line 399.
\classnum@=\count199
\DOTSCASE@=\count266
LaTeX Info: Redefining \ldots on input line 496.
LaTeX Info: Redefining \dots on input line 499.
LaTeX Info: Redefining \cdots on input line 620.
\Mathstrutbox@=\box51
\strutbox@=\box52
\big@size=\dimen143
LaTeX Font Info:    Redeclaring font encoding OML on input line 743.
LaTeX Font Info:    Redeclaring font encoding OMS on input line 744.
\macc@depth=\count267
\c@MaxMatrixCols=\count268
\dotsspace@=\muskip16
\c@parentequation=\count269
\dspbrk@lvl=\count270
\tag@help=\toks21
\row@=\count271
\column@=\count272
\maxfields@=\count273
\andhelp@=\toks22
\eqnshift@=\dimen144
\alignsep@=\dimen145
\tagshift@=\dimen146
\tagwidth@=\dimen147
\totwidth@=\dimen148
\lineht@=\dimen149
\@envbody=\toks23
\multlinegap=\skip52
\multlinetaggap=\skip53
\mathdisplay@stack=\toks24
LaTeX Info: Redefining \[ on input line 2938.
LaTeX Info: Redefining \] on input line 2939.
)
(C:\Program Files\MiKTeX\tex/latex/substr\substr.sty
Package: substr 2009/10/20 v1.2 Handle substrings
\c@su@anzahl=\count274
)
(C:\Program Files\MiKTeX\tex/latex/datatool\datatool-fp.sty
Package: datatool-fp 2019/09/27 v2.32 (NLCT)

(C:\Program Files\MiKTeX\tex/latex/fp\fp.sty
Package: fp 1995/04/02

`Fixed Point Package', Version 0.8, April 2, 1995 (C) Michael Mehlich
(C:\Program Files\MiKTeX\tex/latex/fp\defpattern.sty
Package: defpattern 1994/10/12
\actioncount=\count275
)
(C:\Program Files\MiKTeX\tex/latex/fp\fp-basic.sty
Package: fp-basic 1996/05/13
\FP@xs=\count276
\FP@xia=\count277
\FP@xib=\count278
\FP@xfa=\count279
\FP@xfb=\count280
\FP@rega=\count281
\FP@regb=\count282
\FP@regs=\count283
\FP@times=\count284
)
(C:\Program Files\MiKTeX\tex/latex/fp\fp-addons.sty
Package: fp-addons 1995/03/15
)
(C:\Program Files\MiKTeX\tex/latex/fp\fp-snap.sty
Package: fp-snap 1995/04/05
)
(C:\Program Files\MiKTeX\tex/latex/fp\fp-exp.sty
Package: fp-exp 1995/04/03
)
(C:\Program Files\MiKTeX\tex/latex/fp\fp-trigo.sty
Package: fp-trigo 1995/04/14
)
(C:\Program Files\MiKTeX\tex/latex/fp\fp-pas.sty
Package: fp-pas 1994/08/29
)
(C:\Program Files\MiKTeX\tex/latex/fp\fp-random.sty
Package: fp-random 1995/02/23
\FPseed=\count285
)
(C:\Program Files\MiKTeX\tex/latex/fp\fp-eqn.sty
Package: fp-eqn 1995/04/03
)
(C:\Program Files\MiKTeX\tex/latex/fp\fp-upn.sty
Package: fp-upn 1996/10/21
)
(C:\Program Files\MiKTeX\tex/latex/fp\fp-eval.sty
Package: fp-eval 1995/04/03
)))
\@dtl@toks=\toks25
\@dtl@tmpcount=\count286
\dtl@tmplength=\skip54
\dtl@sortresult=\count287
\@dtl@numgrpsepcount=\count288
\@dtl@datatype=\count289
\dtl@codeA=\count290
\dtl@codeB=\count291
\@dtl@foreach@level=\count292
)
(C:\Program Files\MiKTeX\tex/latex/glossaries/base\glossaries-compatible-307.st
y
Package: glossaries-compatible-307 2021/11/01 v4.49 (NLCT)
)
\gls@level=\count293
\@gls@tmpb=\toks26
\gls@tmplen=\skip55
\glskeylisttok=\toks27
\glslabeltok=\toks28
\glsshorttok=\toks29
\glslongtok=\toks30
 (C:\Program Files\MiKTeX\tex/latex/glossaries/styles\glossary-hypernav.sty
Package: glossary-hypernav 2021/11/01 v4.49 (NLCT)
)
(C:\Program Files\MiKTeX\tex/latex/glossaries/styles\glossary-list.sty
Package: glossary-list 2021/11/01 v4.49 (NLCT)
\glslistdottedwidth=\skip56
)
(C:\Program Files\MiKTeX\tex/latex/glossaries/styles\glossary-long.sty
Package: glossary-long 2021/11/01 v4.49 (NLCT)

(C:\Program Files\MiKTeX\tex/latex/tools\longtable.sty
Package: longtable 2021-09-01 v4.17 Multi-page Table package (DPC)
\LTleft=\skip57
\LTright=\skip58
\LTpre=\skip59
\LTpost=\skip60
\LTchunksize=\count294
\LTcapwidth=\dimen150
\LT@head=\box53
\LT@firsthead=\box54
\LT@foot=\box55
\LT@lastfoot=\box56
\LT@gbox=\box57
\LT@cols=\count295
\LT@rows=\count296
\c@LT@tables=\count297
\c@LT@chunks=\count298
\LT@p@ftn=\toks31
)
\glsdescwidth=\skip61
\glspagelistwidth=\skip62
)
(C:\Program Files\MiKTeX\tex/latex/glossaries/styles\glossary-super.sty
Package: glossary-super 2021/11/01 v4.49 (NLCT)

(C:\Program Files\MiKTeX\tex/latex/supertabular\supertabular.sty
Package: supertabular 2020/02/02 v4.1g the supertabular environment
\c@tracingst=\count299
\ST@wd=\dimen151
\ST@rightskip=\skip63
\ST@leftskip=\skip64
\ST@parfillskip=\skip65
\ST@pageleft=\dimen152
\ST@headht=\dimen153
\ST@tailht=\dimen154
\ST@pagesofar=\dimen155
\ST@pboxht=\dimen156
\ST@lineht=\dimen157
\ST@prevht=\dimen158
\ST@toadd=\dimen159
\ST@dimen=\dimen160
\ST@pbox=\box58
))
(C:\Program Files\MiKTeX\tex/latex/glossaries/styles\glossary-tree.sty
Package: glossary-tree 2021/11/01 v4.49 (NLCT)
\glstreeindent=\skip66
))
\c@theorem=\count300

(C:\Program Files\MiKTeX\tex/latex/tools\array.sty
Package: array 2021/10/04 v2.5f Tabular extension package (FMi)
\col@sep=\dimen161
\ar@mcellbox=\box59
\extrarowheight=\dimen162
\NC@list=\toks32
\extratabsurround=\skip67
\backup@length=\skip68
\ar@cellbox=\box60
)
(C:\Program Files\MiKTeX\tex/latex/ulem\ulem.sty
\UL@box=\box61
\UL@hyphenbox=\box62
\UL@skip=\skip69
\UL@hook=\toks33
\UL@height=\dimen163
\UL@pe=\count301
\UL@pixel=\dimen164
\ULC@box=\box63
Package: ulem 2019/11/18
\ULdepth=\dimen165
)
(C:\Program Files\MiKTeX\tex/latex/url\url.sty
\Urlmuskip=\muskip17
Package: url 2013/09/16  ver 3.4  Verb mode for urls, etc.
)
(C:\Program Files\MiKTeX\tex/latex/lipsum\lipsum.sty
(C:\Program Files\MiKTeX\tex/latex/l3packages/l3keys2e\l3keys2e.sty
(C:\Program Files\MiKTeX\tex/latex/l3kernel\expl3.sty
Package: expl3 2021-11-12 L3 programming layer (loader) 

(C:\Program Files\MiKTeX\tex/latex/l3backend\l3backend-pdftex.def
File: l3backend-pdftex.def 2021-10-18 L3 backend support: PDF output (pdfTeX)
\l__color_backend_stack_int=\count302
\l__pdf_internal_box=\box64
))
Package: l3keys2e 2021-11-12 LaTeX2e option processing using LaTeX3 keys
)
Package: lipsum 2021-09-20 v2.7 150 paragraphs of Lorem Ipsum dummy text
\g__lipsum_par_int=\count303
\l__lipsum_a_int=\count304
\l__lipsum_b_int=\count305

(C:\Program Files\MiKTeX\tex/latex/lipsum\lipsum.ltd.tex))
(C:\Program Files\MiKTeX\tex/latex/xmpincl\xmpincl.sty
Package: xmpincl 2021/09/22 v2.4 Include XMP data in pdflatex

(C:\Program Files\MiKTeX\tex/generic/iftex\ifpdf.sty
Package: ifpdf 2019/10/25 v3.4 ifpdf legacy package. Use iftex instead.

(C:\Program Files\MiKTeX\tex/generic/iftex\iftex.sty
Package: iftex 2020/03/06 v1.0d TeX engine tests
)))
(C:\Program Files\MiKTeX\tex/latex/xcolor\xcolor.sty
Package: xcolor 2021/10/31 v2.13 LaTeX color extensions (UK)

(C:\Program Files\MiKTeX\tex/latex/graphics-cfg\color.cfg
File: color.cfg 2016/01/02 v1.6 sample color configuration
)
Package xcolor Info: Driver file: pdftex.def on input line 227.

(C:\Program Files\MiKTeX\tex/latex/graphics-def\pdftex.def
File: pdftex.def 2020/10/05 v1.2a Graphics/color driver for pdftex
)
Package xcolor Info: Model `cmy' substituted by `cmy0' on input line 1352.
Package xcolor Info: Model `hsb' substituted by `rgb' on input line 1356.
Package xcolor Info: Model `RGB' extended on input line 1368.
Package xcolor Info: Model `HTML' substituted by `rgb' on input line 1370.
Package xcolor Info: Model `Hsb' substituted by `hsb' on input line 1371.
Package xcolor Info: Model `tHsb' substituted by `hsb' on input line 1372.
Package xcolor Info: Model `HSB' substituted by `hsb' on input line 1373.
Package xcolor Info: Model `Gray' substituted by `gray' on input line 1374.
Package xcolor Info: Model `wave' substituted by `hsb' on input line 1375.
)
(C:\Program Files\MiKTeX\tex/latex/graphics\graphicx.sty
Package: graphicx 2021/09/16 v1.2d Enhanced LaTeX Graphics (DPC,SPQR)

(C:\Program Files\MiKTeX\tex/latex/graphics\graphics.sty
Package: graphics 2021/03/04 v1.4d Standard LaTeX Graphics (DPC,SPQR)

(C:\Program Files\MiKTeX\tex/latex/graphics\trig.sty
Package: trig 2021/08/11 v1.11 sin cos tan (DPC)
)
(C:\Program Files\MiKTeX\tex/latex/graphics-cfg\graphics.cfg
File: graphics.cfg 2016/06/04 v1.11 sample graphics configuration
)
Package graphics Info: Driver file: pdftex.def on input line 107.
)
\Gin@req@height=\dimen166
\Gin@req@width=\dimen167
)
(C:\Program Files\MiKTeX\tex/latex/tools\tabularx.sty
Package: tabularx 2020/01/15 v2.11c `tabularx' package (DPC)
\TX@col@width=\dimen168
\TX@old@table=\dimen169
\TX@old@col=\dimen170
\TX@target=\dimen171
\TX@delta=\dimen172
\TX@cols=\count306
\TX@ftn=\toks34
)
(C:\Program Files\MiKTeX\tex/latex/etaremune\etaremune.sty
Package: etaremune 2005/06/01 v1.2 Reversed enumerate (HA)
\c@EM@itemctr=\count307
\c@EM@etaremunectr=\count308
)
(C:\Program Files\MiKTeX\tex/latex/makecell\makecell.sty
Package: makecell 2009/08/03 V0.1e Managing of Tab Column Heads and Cells
\rotheadsize=\dimen173
\c@nlinenum=\count309
\TeXr@lab=\toks35
)
(C:\Program Files\MiKTeX\tex/latex/caption\subcaption.sty
Package: subcaption 2020/10/07 v1.3j Sub-captions (AR)

(C:\Program Files\MiKTeX\tex/latex/caption\caption.sty
Package: caption 2020/10/26 v3.5g Customizing captions (AR)

(C:\Program Files\MiKTeX\tex/latex/caption\caption3.sty
Package: caption3 2020/10/21 v2.2e caption3 kernel (AR)
\captionmargin=\dimen174
\captionmargin@=\dimen175
\captionwidth=\dimen176
\caption@tempdima=\dimen177
\caption@indent=\dimen178
\caption@parindent=\dimen179
\caption@hangindent=\dimen180
Package caption Info: Standard document class detected.
)
\c@caption@flags=\count310
\c@continuedfloat=\count311
Package caption Info: longtable package is loaded.

(C:\Program Files\MiKTeX\tex/latex/caption\ltcaption.sty
Package: ltcaption 2020/05/30 v1.4b longtable captions (AR)
)
Package caption Info: supertabular package is loaded.
)
\c@subfigure=\count312
\c@subtable=\count313
)
(C:\Program Files\MiKTeX\tex/latex/graphics\rotating.sty
Package: rotating 2016/08/11 v2.16d rotated objects in LaTeX
\c@r@tfl@t=\count314
\rotFPtop=\skip70
\rotFPbot=\skip71
\rot@float@box=\box65
\rot@mess@toks=\toks36
)
(C:\Program Files\MiKTeX\tex/latex/booktabs\booktabs.sty
Package: booktabs 2020/01/12 v1.61803398 Publication quality tables
\heavyrulewidth=\dimen181
\lightrulewidth=\dimen182
\cmidrulewidth=\dimen183
\belowrulesep=\dimen184
\belowbottomsep=\dimen185
\aboverulesep=\dimen186
\abovetopsep=\dimen187
\cmidrulesep=\dimen188
\cmidrulekern=\dimen189
\defaultaddspace=\dimen190
\@cmidla=\count315
\@cmidlb=\count316
\@aboverulesep=\dimen191
\@belowrulesep=\dimen192
\@thisruleclass=\count317
\@lastruleclass=\count318
\@thisrulewidth=\dimen193
)
(C:\Program Files\MiKTeX\tex/latex/tools\multicol.sty
Package: multicol 2021/10/28 v1.9b multicolumn formatting (FMi)
\c@tracingmulticols=\count319
\mult@box=\box66
\multicol@leftmargin=\dimen194
\c@unbalance=\count320
\c@collectmore=\count321
\doublecol@number=\count322
\multicoltolerance=\count323
\multicolpretolerance=\count324
\full@width=\dimen195
\page@free=\dimen196
\premulticols=\dimen197
\postmulticols=\dimen198
\multicolsep=\skip72
\multicolbaselineskip=\skip73
\partial@page=\box67
\last@line=\box68
\maxbalancingoverflow=\dimen199
\mult@rightbox=\box69
\mult@grightbox=\box70
\mult@firstbox=\box71
\mult@gfirstbox=\box72
\@tempa=\box73
\@tempa=\box74
\@tempa=\box75
\@tempa=\box76
\@tempa=\box77
\@tempa=\box78
\@tempa=\box79
\@tempa=\box80
\@tempa=\box81
\@tempa=\box82
\@tempa=\box83
\@tempa=\box84
\@tempa=\box85
\@tempa=\box86
\@tempa=\box87
\@tempa=\box88
\@tempa=\box89
\@tempa=\box90
\@tempa=\box91
\@tempa=\box92
\@tempa=\box93
\@tempa=\box94
\@tempa=\box95
\@tempa=\box96
\@tempa=\box97
\@tempa=\box98
\@tempa=\box99
\@tempa=\box100
\@tempa=\box101
\@tempa=\box102
\@tempa=\box103
\@tempa=\box104
\@tempa=\box105
\@tempa=\box106
\@tempa=\box107
\@tempa=\box108
\c@minrows=\count325
\c@columnbadness=\count326
\c@finalcolumnbadness=\count327
\last@try=\dimen256
\multicolovershoot=\dimen257
\multicolundershoot=\dimen258
\mult@nat@firstbox=\box109
\colbreak@box=\box110
\mc@col@check@num=\count328
)
(C:\Program Files\MiKTeX\tex/latex/multirow\multirow.sty
Package: multirow 2021/03/15 v2.8 Span multiple rows of a table
\multirow@colwidth=\skip74
\multirow@cntb=\count329
\multirow@dima=\skip75
\bigstrutjot=\dimen259
)
(C:\Program Files\MiKTeX\tex/latex/amsfonts\amsfonts.sty
Package: amsfonts 2013/01/14 v3.01 Basic AMSFonts support
\symAMSa=\mathgroup4
\symAMSb=\mathgroup5
LaTeX Font Info:    Redeclaring math symbol \hbar on input line 98.
LaTeX Font Info:    Overwriting math alphabet `\mathfrak' in version `bold'
(Font)                  U/euf/m/n --> U/euf/b/n on input line 106.
)
(C:\Program Files\MiKTeX\tex/latex/amsfonts\amssymb.sty
Package: amssymb 2013/01/14 v3.01 AMS font symbols
)
(C:\Program Files\MiKTeX\tex/latex/pdflscape\pdflscape.sty
Package: pdflscape 2019/12/05 v0.12 Display of landscape pages in PDF (HO)

(C:\Program Files\MiKTeX\tex/latex/graphics\lscape.sty
Package: lscape 2020/05/28 v3.02 Landscape Pages (DPC)
)
Package pdflscape Info: Auto-detected driver: pdftex on input line 81.
)
(C:\Program Files\MiKTeX\tex/latex/base\textcomp.sty
Package: textcomp 2020/02/02 v2.0n Standard LaTeX package
)
(C:\Program Files\MiKTeX\tex/latex/listings\listings.sty
\lst@mode=\count330
\lst@gtempboxa=\box111
\lst@token=\toks37
\lst@length=\count331
\lst@currlwidth=\dimen260
\lst@column=\count332
\lst@pos=\count333
\lst@lostspace=\dimen261
\lst@width=\dimen262
\lst@newlines=\count334
\lst@lineno=\count335
\lst@maxwidth=\dimen263

(C:\Program Files\MiKTeX\tex/latex/listings\lstmisc.sty
File: lstmisc.sty 2020/03/24 1.8d (Carsten Heinz)
\c@lstnumber=\count336
\lst@skipnumbers=\count337
\lst@framebox=\box112
)
(C:\Program Files\MiKTeX\tex/latex/listings\listings.cfg
File: listings.cfg 2020/03/24 1.8d listings configuration
))
Package: listings 2020/03/24 1.8d (Carsten Heinz)

(C:\Program Files\MiKTeX\tex/latex/pdfpages\pdfpages.sty
Package: pdfpages 2021/03/06 v0.5t Insert pages of external PDF documents (AM)

(C:\Program Files\MiKTeX\tex/latex/tools\calc.sty
Package: calc 2017/05/25 v4.3 Infix arithmetic (KKT,FJ)
\calc@Acount=\count338
\calc@Bcount=\count339
\calc@Adimen=\dimen264
\calc@Bdimen=\dimen265
\calc@Askip=\skip76
\calc@Bskip=\skip77
LaTeX Info: Redefining \setlength on input line 80.
LaTeX Info: Redefining \addtolength on input line 81.
\calc@Ccount=\count340
\calc@Cskip=\skip78
)
(C:\Program Files\MiKTeX\tex/latex/eso-pic\eso-pic.sty
Package: eso-pic 2020/10/14 v3.0a eso-pic (RN)
\ESO@tempdima=\dimen266
\ESO@tempdimb=\dimen267
)
\AM@pagewidth=\dimen268
\AM@pageheight=\dimen269
\AM@fboxrule=\dimen270

(C:\Program Files\MiKTeX\tex/latex/pdfpages\pppdftex.def
File: pppdftex.def 2021/03/06 v0.5t Pdfpages driver for pdfTeX (AM)
)
\pdfpages@includegraphics@status=\count341
\AM@pagebox=\box113
\AM@global@opts=\toks38
\AM@pagecnt=\count342
\AM@toc@title=\toks39
\c@AM@survey=\count343
\AM@templatesizebox=\box114
)
(C:\Program Files\MiKTeX\tex/latex/l3packages/xparse\xparse.sty
Package: xparse 2021-11-12 L3 Experimental document command parser
)
(C:\Program Files\MiKTeX\tex/latex/hyphenat\hyphenat.sty
Package: hyphenat 2009/09/02 v2.3c hyphenation utilities
\langwohyphens=\language84
LaTeX Info: Redefining \_ on input line 43.
)
(C:\Program Files\MiKTeX\tex/latex/hyperref\hyperref.sty
Package: hyperref 2021-06-07 v7.00m Hypertext links for LaTeX

(C:\Program Files\MiKTeX\tex/generic/ltxcmds\ltxcmds.sty
Package: ltxcmds 2020-05-10 v1.25 LaTeX kernel commands for general use (HO)
)
(C:\Program Files\MiKTeX\tex/generic/pdftexcmds\pdftexcmds.sty
Package: pdftexcmds 2020-06-27 v0.33 Utility functions of pdfTeX for LuaTeX (HO
)

(C:\Program Files\MiKTeX\tex/generic/infwarerr\infwarerr.sty
Package: infwarerr 2019/12/03 v1.5 Providing info/warning/error messages (HO)
)
Package pdftexcmds Info: \pdf@primitive is available.
Package pdftexcmds Info: \pdf@ifprimitive is available.
Package pdftexcmds Info: \pdfdraftmode found.
)
(C:\Program Files\MiKTeX\tex/generic/kvsetkeys\kvsetkeys.sty
Package: kvsetkeys 2019/12/15 v1.18 Key value parser (HO)
)
(C:\Program Files\MiKTeX\tex/generic/kvdefinekeys\kvdefinekeys.sty
Package: kvdefinekeys 2019-12-19 v1.6 Define keys (HO)
)
(C:\Program Files\MiKTeX\tex/generic/pdfescape\pdfescape.sty
Package: pdfescape 2019/12/09 v1.15 Implements pdfTeX's escape features (HO)
)
(C:\Program Files\MiKTeX\tex/latex/hycolor\hycolor.sty
Package: hycolor 2020-01-27 v1.10 Color options for hyperref/bookmark (HO)
)
(C:\Program Files\MiKTeX\tex/latex/letltxmacro\letltxmacro.sty
Package: letltxmacro 2019/12/03 v1.6 Let assignment for LaTeX macros (HO)
)
(C:\Program Files\MiKTeX\tex/latex/auxhook\auxhook.sty
Package: auxhook 2019-12-17 v1.6 Hooks for auxiliary files (HO)
)
(C:\Program Files\MiKTeX\tex/latex/kvoptions\kvoptions.sty
Package: kvoptions 2020-10-07 v3.14 Key value format for package options (HO)
)
\@linkdim=\dimen271
\Hy@linkcounter=\count344
\Hy@pagecounter=\count345

(C:\Program Files\MiKTeX\tex/latex/hyperref\pd1enc.def
File: pd1enc.def 2021-06-07 v7.00m Hyperref: PDFDocEncoding definition (HO)
Now handling font encoding PD1 ...
... no UTF-8 mapping file for font encoding PD1
)
(C:\Program Files\MiKTeX\tex/latex/hyperref\hyperref-langpatches.def
File: hyperref-langpatches.def 2021-06-07 v7.00m Hyperref: patches for babel la
nguages
)
(C:\Program Files\MiKTeX\tex/generic/intcalc\intcalc.sty
Package: intcalc 2019/12/15 v1.3 Expandable calculations with integers (HO)
)
(C:\Program Files\MiKTeX\tex/generic/etexcmds\etexcmds.sty
Package: etexcmds 2019/12/15 v1.7 Avoid name clashes with e-TeX commands (HO)
)
\Hy@SavedSpaceFactor=\count346

(C:\Program Files\MiKTeX\tex/latex/hyperref\puenc.def
File: puenc.def 2021-06-07 v7.00m Hyperref: PDF Unicode definition (HO)
Now handling font encoding PU ...
... no UTF-8 mapping file for font encoding PU
)
Package hyperref Info: Option `pdfa' set `true' on input line 4073.
Package hyperref Info: Hyper figures OFF on input line 4192.
Package hyperref Info: Link nesting OFF on input line 4197.
Package hyperref Info: Hyper index ON on input line 4200.
Package hyperref Info: Plain pages OFF on input line 4207.
Package hyperref Info: Backreferencing OFF on input line 4212.
Package hyperref Info: Implicit mode ON; LaTeX internals redefined.
Package hyperref Info: Bookmarks ON on input line 4445.
\c@Hy@tempcnt=\count347
LaTeX Info: Redefining \url on input line 4804.
\XeTeXLinkMargin=\dimen272

(C:\Program Files\MiKTeX\tex/generic/bitset\bitset.sty
Package: bitset 2019/12/09 v1.3 Handle bit-vector datatype (HO)

(C:\Program Files\MiKTeX\tex/generic/bigintcalc\bigintcalc.sty
Package: bigintcalc 2019/12/15 v1.5 Expandable calculations on big integers (HO
)
))
\Fld@menulength=\count348
\Field@Width=\dimen273
\Fld@charsize=\dimen274
Package hyperref Info: Hyper figures OFF on input line 6076.
Package hyperref Info: Link nesting OFF on input line 6081.
Package hyperref Info: Hyper index ON on input line 6084.
Package hyperref Info: backreferencing OFF on input line 6091.
Package hyperref Info: Link coloring OFF on input line 6096.
Package hyperref Info: Link coloring with OCG OFF on input line 6101.
Package hyperref Info: PDF/A mode ON on input line 6104.
LaTeX Info: Redefining \ref on input line 6146.
LaTeX Info: Redefining \pageref on input line 6150.

(C:\Program Files\MiKTeX\tex/latex/base\atbegshi-ltx.sty
Package: atbegshi-ltx 2021/01/10 v1.0c Emulation of the original atbegshi
package with kernel methods
)
\Hy@abspage=\count349
\c@Item=\count350
\c@Hfootnote=\count351
)
Package hyperref Info: Driver (autodetected): hpdftex.

(C:\Program Files\MiKTeX\tex/latex/hyperref\hpdftex.def
File: hpdftex.def 2021-06-07 v7.00m Hyperref driver for pdfTeX

(C:\Program Files\MiKTeX\tex/latex/base\atveryend-ltx.sty
Package: atveryend-ltx 2020/08/19 v1.0a Emulation of the original atveryend pac
kage
with kernel methods
)
\Fld@listcount=\count352
\c@bookmark@seq@number=\count353

(C:\Program Files\MiKTeX\tex/latex/rerunfilecheck\rerunfilecheck.sty
Package: rerunfilecheck 2019/12/05 v1.9 Rerun checks for auxiliary files (HO)

(C:\Program Files\MiKTeX\tex/generic/uniquecounter\uniquecounter.sty
Package: uniquecounter 2019/12/15 v1.4 Provide unlimited unique counter (HO)
)
Package uniquecounter Info: New unique counter `rerunfilecheck' on input line 2
86.
)
\Hy@SectionHShift=\skip79
)
(C:\Program Files\MiKTeX\tex/latex/cleveref\cleveref.sty
Package: cleveref 2018/03/27 v0.21.4 Intelligent cross-referencing
Package cleveref Info: `hyperref' support loaded on input line 2370.
LaTeX Info: Redefining \cref on input line 2370.
LaTeX Info: Redefining \Cref on input line 2370.
LaTeX Info: Redefining \crefrange on input line 2370.
LaTeX Info: Redefining \Crefrange on input line 2370.
LaTeX Info: Redefining \cpageref on input line 2370.
LaTeX Info: Redefining \Cpageref on input line 2370.
LaTeX Info: Redefining \cpagerefrange on input line 2370.
LaTeX Info: Redefining \Cpagerefrange on input line 2370.
LaTeX Info: Redefining \labelcref on input line 2370.
LaTeX Info: Redefining \labelcpageref on input line 2370.
Package cleveref Info: `listings' support loaded on input line 3131.
)
(C:\Program Files\MiKTeX\tex/latex/base\inputenc.sty
Package: inputenc 2021/02/14 v1.3d Input encoding file
\inpenc@prehook=\toks40
\inpenc@posthook=\toks41
)
Package hyperref Info: Option `unicode' set `true' on input line 959.
Package hyperref Info: Option `breaklinks' set `true' on input line 959.

(C:\Program Files\MiKTeX\tex/latex/biblatex\biblatex.sty
Package: biblatex 2020/12/31 v3.16 programmable bibliographies (PK/MW)

(C:\Program Files\MiKTeX\tex/latex/logreq\logreq.sty
Package: logreq 2010/08/04 v1.0 xml request logger
\lrq@indent=\count354

(C:\Program Files\MiKTeX\tex/latex/logreq\logreq.def
File: logreq.def 2010/08/04 v1.0 logreq spec v1.0
))
\c@tabx@nest=\count355
\c@listtotal=\count356
\c@listcount=\count357
\c@liststart=\count358
\c@liststop=\count359
\c@citecount=\count360
\c@citetotal=\count361
\c@multicitecount=\count362
\c@multicitetotal=\count363
\c@instcount=\count364
\c@maxnames=\count365
\c@minnames=\count366
\c@maxitems=\count367
\c@minitems=\count368
\c@citecounter=\count369
\c@maxcitecounter=\count370
\c@savedcitecounter=\count371
\c@uniquelist=\count372
\c@uniquename=\count373
\c@refsection=\count374
\c@refsegment=\count375
\c@maxextratitle=\count376
\c@maxextratitleyear=\count377
\c@maxextraname=\count378
\c@maxextradate=\count379
\c@maxextraalpha=\count380
\c@abbrvpenalty=\count381
\c@highnamepenalty=\count382
\c@lownamepenalty=\count383
\c@maxparens=\count384
\c@parenlevel=\count385
\blx@tempcnta=\count386
\blx@tempcntb=\count387
\blx@tempcntc=\count388
\blx@maxsection=\count389
\blx@maxsegment@0=\count390
\blx@notetype=\count391
\blx@parenlevel@text=\count392
\blx@parenlevel@foot=\count393
\blx@sectionciteorder@0=\count394
\blx@entrysetcounter=\count395
\blx@biblioinstance=\count396
\labelnumberwidth=\skip80
\labelalphawidth=\skip81
\biblabelsep=\skip82
\bibitemsep=\skip83
\bibnamesep=\skip84
\bibinitsep=\skip85
\bibparsep=\skip86
\bibhang=\skip87
\blx@bcfin=\read2
\blx@bcfout=\write4
\blx@langwohyphens=\language85
\c@mincomprange=\count397
\c@maxcomprange=\count398
\c@mincompwidth=\count399
Package biblatex Info: Trying to load biblatex default data model...
Package biblatex Info: ... file 'blx-dm.def' found.

(C:\Program Files\MiKTeX\tex/latex/biblatex\blx-dm.def
File: blx-dm.def 2020/12/31 v3.16 biblatex localization (PK/MW)
)
Package biblatex Info: Trying to load biblatex style data model...
Package biblatex Info: ... file 'ieee.dbx' not found.
Package biblatex Info: Trying to load biblatex custom data model...
Package biblatex Info: ... file 'biblatex-dm.cfg' not found.
\c@afterword=\count400
\c@savedafterword=\count401
\c@annotator=\count402
\c@savedannotator=\count403
\c@author=\count404
\c@savedauthor=\count405
\c@bookauthor=\count406
\c@savedbookauthor=\count407
\c@commentator=\count408
\c@savedcommentator=\count409
\c@editor=\count410
\c@savededitor=\count411
\c@editora=\count412
\c@savededitora=\count413
\c@editorb=\count414
\c@savededitorb=\count415
\c@editorc=\count416
\c@savededitorc=\count417
\c@foreword=\count418
\c@savedforeword=\count419
\c@holder=\count420
\c@savedholder=\count421
\c@introduction=\count422
\c@savedintroduction=\count423
\c@namea=\count424
\c@savednamea=\count425
\c@nameb=\count426
\c@savednameb=\count427
\c@namec=\count428
\c@savednamec=\count429
\c@translator=\count430
\c@savedtranslator=\count431
\c@shortauthor=\count432
\c@savedshortauthor=\count433
\c@shorteditor=\count434
\c@savedshorteditor=\count435
\c@labelname=\count436
\c@savedlabelname=\count437
\c@institution=\count438
\c@savedinstitution=\count439
\c@lista=\count440
\c@savedlista=\count441
\c@listb=\count442
\c@savedlistb=\count443
\c@listc=\count444
\c@savedlistc=\count445
\c@listd=\count446
\c@savedlistd=\count447
\c@liste=\count448
\c@savedliste=\count449
\c@listf=\count450
\c@savedlistf=\count451
\c@location=\count452
\c@savedlocation=\count453
\c@organization=\count454
\c@savedorganization=\count455
\c@origlocation=\count456
\c@savedoriglocation=\count457
\c@origpublisher=\count458
\c@savedorigpublisher=\count459
\c@publisher=\count460
\c@savedpublisher=\count461
\c@language=\count462
\c@savedlanguage=\count463
\c@origlanguage=\count464
\c@savedoriglanguage=\count465
\c@pageref=\count466
\c@savedpageref=\count467
\shorthandwidth=\skip88
\shortjournalwidth=\skip89
\shortserieswidth=\skip90
\shorttitlewidth=\skip91
\shortauthorwidth=\skip92
\shorteditorwidth=\skip93
\locallabelnumberwidth=\skip94
\locallabelalphawidth=\skip95
\localshorthandwidth=\skip96
\localshortjournalwidth=\skip97
\localshortserieswidth=\skip98
\localshorttitlewidth=\skip99
\localshortauthorwidth=\skip100
\localshorteditorwidth=\skip101
Package biblatex Info: Trying to load compatibility code...
Package biblatex Info: ... file 'blx-compat.def' found.

(C:\Program Files\MiKTeX\tex/latex/biblatex\blx-compat.def
File: blx-compat.def 2020/12/31 v3.16 biblatex compatibility (PK/MW)
)
Package biblatex Info: Trying to load BibTeX backend compatibility...
Package biblatex Info: ... file 'blx-bibtex.def' found.

(C:\Program Files\MiKTeX\tex/latex/biblatex\blx-bibtex.def
File: blx-bibtex.def 2020/12/31 v3.16 biblatex compatibility (PK/MW)


Package biblatex Warning: Using fall-back BibTeX(8) backend:
(biblatex)                functionality may be reduced/unavailable.

)
Package biblatex Info: Trying to load generic definitions...
Package biblatex Info: ... file 'biblatex.def' found.
 (C:\Program Files\MiKTeX\tex/latex/biblatex\biblatex.def
File: biblatex.def 2020/12/31 v3.16 biblatex compatibility (PK/MW)
\c@textcitecount=\count468
\c@textcitetotal=\count469
\c@textcitemaxnames=\count470
\c@biburlbigbreakpenalty=\count471
\c@biburlbreakpenalty=\count472
\c@biburlnumpenalty=\count473
\c@biburlucpenalty=\count474
\c@biburllcpenalty=\count475
\biburlbigskip=\muskip18
\biburlnumskip=\muskip19
\biburlucskip=\muskip20
\biburllcskip=\muskip21
\c@smartand=\count476
)
Package biblatex Info: Trying to load bibliography style 'ieee'...
Package biblatex Info: ... file 'ieee.bbx' found.

(C:\Program Files\MiKTeX\tex/latex/biblatex-ieee\ieee.bbx
File: ieee.bbx 2021/03/25 v1.3e biblatex bibliography style
Package biblatex Info: Trying to load bibliography style 'numeric-comp'...
Package biblatex Info: ... file 'numeric-comp.bbx' found.

(C:\Program Files\MiKTeX\tex/latex/biblatex/bbx\numeric-comp.bbx
File: numeric-comp.bbx 2020/12/31 v3.16 biblatex bibliography style (PK/MW)
Package biblatex Info: Trying to load bibliography style 'numeric'...
Package biblatex Info: ... file 'numeric.bbx' found.

(C:\Program Files\MiKTeX\tex/latex/biblatex/bbx\numeric.bbx
File: numeric.bbx 2020/12/31 v3.16 biblatex bibliography style (PK/MW)
Package biblatex Info: Trying to load bibliography style 'standard'...
Package biblatex Info: ... file 'standard.bbx' found.

(C:\Program Files\MiKTeX\tex/latex/biblatex/bbx\standard.bbx
File: standard.bbx 2020/12/31 v3.16 biblatex bibliography style (PK/MW)
\c@bbx:relatedcount=\count477
\c@bbx:relatedtotal=\count478
))))
Package biblatex Info: Trying to load citation style 'numeric-comp'...
Package biblatex Info: ... file 'numeric-comp.cbx' found.

(C:\Program Files\MiKTeX\tex/latex/biblatex/cbx\numeric-comp.cbx
File: numeric-comp.cbx 2020/12/31 v3.16 biblatex citation style (PK/MW)
\c@cbx@tempcnta=\count479
\c@cbx@tempcntb=\count480
\c@cbx@tempcntc=\count481
\c@cbx@tempcntd=\count482
Package biblatex Info: Redefining '\cite'.
Package biblatex Info: Redefining '\parencite'.
Package biblatex Info: Redefining '\footcite'.
Package biblatex Info: Redefining '\footcitetext'.
Package biblatex Info: Redefining '\smartcite'.
Package biblatex Info: Redefining '\supercite'.
Package biblatex Info: Redefining '\textcite'.
Package biblatex Info: Redefining '\textcites'.
Package biblatex Info: Redefining '\cites'.
Package biblatex Info: Redefining '\parencites'.
Package biblatex Info: Redefining '\smartcites'.
)
Package biblatex Info: Trying to load configuration file...
Package biblatex Info: ... file 'biblatex.cfg' found.

(C:\Program Files\MiKTeX\tex/latex/biblatex\biblatex.cfg
File: biblatex.cfg 
))
(C:\Program Files\MiKTeX\tex/latex/pdfx\pdfx.sty
Package: pdfx 2019/02/27 v1.6.3 PDF/X and PDF/A support (CVR/HTH/RRM/PS)
\pdfx@minorversion=\count483

(C:\Program Files\MiKTeX\tex/generic/iftex\ifxetex.sty
Package: ifxetex 2019/10/25 v0.7 ifxetex legacy package. Use iftex instead.
)
(C:\Program Files\MiKTeX\tex/latex/everyshi\everyshi.sty
Package: everyshi 2020/11/18 v4.00 EveryShipout Package
)
(C:\Program Files\MiKTeX\tex/generic/iftex\ifluatex.sty
Package: ifluatex 2019/10/25 v1.5 ifluatex legacy package. Use iftex instead.
){C:/Users/achal/AppData/Local/MiKTeX/pdftex/config/pdftex.map}
(C:\Program Files\MiKTeX\tex/latex/pdfx\l8u-penc.def
File: l8u-penc.def 2017/06/23 v0.8 Custom LaTeX file, for UTF8 encoded letters 
and symbols
LaTeX Info: Composite with undeclared \b in encoding L8U on input line 278.
)
\pdfxsafeforxmp@toks=\toks42
\pdfx@tmptoks=\toks43


Package hyperref Warning: Option `pdftex' has already been used,
(hyperref)                setting the option has no effect on input line 1461.

Package hyperref Info: Option `unicode' set `true' on input line 1463.
(C:\Program Files\MiKTeX\tex/generic/stringenc\stringenc.sty
Package: stringenc 2019/11/29 v1.12 Convert strings between diff. encodings (HO
)
)
Package hyperref Info: Option `psdextra' set `true' on input line 1465.

(C:\Program Files\MiKTeX\tex/latex/hyperref\puenc-greekbasic.def
File: puenc-greekbasic.def 2021-06-07 v7.00m Hyperref: PDF Unicode definition (
greek block) (HO)
)
(C:\Program Files\MiKTeX\tex/latex/hyperref\psdextra.def
File: psdextra.def 2021-06-07 v7.00m Hyperref: Additions to PDF string support
)
(C:\Program Files\MiKTeX\tex/generic/colorprofiles\colorprofiles.sty
Package: colorprofiles 2018/11/01 v1.0.1 color profiles for PDF/X and PDF/A sup
port

(C:\Program Files\MiKTeX\tex/generic/colorprofiles\colorprofiles.tex))
(C:\Program Files\MiKTeX\tex/generic/stringenc\se-pdfdoc.def
File: se-pdfdoc.def 2019/11/29 v1.12 stringenc: PDFDocEncoding
)
(C:\Program Files\MiKTeX\tex/latex/pdfx\AdobeColorProfiles.tex)
(C:\Program Files\MiKTeX\tex/latex/pdfx\8bit.def
File: 8bit.def 2008/03/30 v1.1d Input encoding file
)
** pdfx: No file 0_Thesis.xmpdata . Metadata will be incomplete!
<<sRGB.icc>> (C:\Program Files\MiKTeX\tex/latex/pdfx\8bit.def
File: 8bit.def 2008/03/30 v1.1d Input encoding file
)
Package hyperref Info: Option `unicode' set `true' on input line 2411.
Package hyperref Info: Option `unicode' set `true' on input line 2412.

(C:\Program Files\MiKTeX\tex/generic/pdftex\glyphtounicode.tex)
(C:\Program Files\MiKTeX\tex/latex/pdfx\glyphtounicode-cmr.tex)
(C:\Program Files\MiKTeX\tex/latex/pdfx\glyphtounicode-ntx.tex)
(C:\Program Files\MiKTeX\tex/latex/pdfx\8bit.def
File: 8bit.def 2008/03/30 v1.1d Input encoding file
)
Using XMP template file: pdfa.xmp
\xmpinclWrite=\write5
\xmpinclRead=\read3
\openout5 = `pdfa.xmpi'.

<<pdfa.xmpi>>)

LaTeX Warning: \include should only be used after \begin{document} on input lin
e 1039.

(listingCodeFormatting.tex))

LaTeX Warning: \include should only be used after \begin{document} on input lin
e 79.

(Preample/0_1_Abstract.tex)

LaTeX Warning: \include should only be used after \begin{document} on input lin
e 80.

(Preample/0_2_Preface.tex)

LaTeX Warning: \include should only be used after \begin{document} on input lin
e 81.

(Preample/0_3_Qoute.tex)

LaTeX Warning: \include should only be used after \begin{document} on input lin
e 82.

(Preample/0_4_Dedication.tex)

LaTeX Warning: \include should only be used after \begin{document} on input lin
e 83.

(Preample/0_5_Ack.tex)

LaTeX Warning: \include should only be used after \begin{document} on input lin
e 86.

(Preample/0_6_nomenclature.tex)
\@quotelevel=\count484
\@quotereset=\count485
 (0_Thesis.aux
(Chapters/Ch_1_Intro/Ch_1_Intro.aux)
(Chapters/Ch_2_Background/Ch_2_Background.aux) (Chapters/Ch_3/Ch_3.aux)
(Chapters/Ch_4/Ch_4.aux) (Chapters/Ch_x_Conlusion_FutureWork/Ch_x_future.aux)

LaTeX Warning: Label `sec:' multiply defined.


LaTeX Warning: Label `sec:@cref' multiply defined.

)
\openout1 = `0_Thesis.aux'.

LaTeX Font Info:    Checking defaults for OML/cmm/m/it on input line 99.
LaTeX Font Info:    ... okay on input line 99.
LaTeX Font Info:    Checking defaults for OMS/cmsy/m/n on input line 99.
LaTeX Font Info:    ... okay on input line 99.
LaTeX Font Info:    Checking defaults for OT1/cmr/m/n on input line 99.
LaTeX Font Info:    ... okay on input line 99.
LaTeX Font Info:    Checking defaults for T1/cmr/m/n on input line 99.
LaTeX Font Info:    ... okay on input line 99.
LaTeX Font Info:    Checking defaults for TS1/cmr/m/n on input line 99.
LaTeX Font Info:    ... okay on input line 99.
LaTeX Font Info:    Checking defaults for OMX/cmex/m/n on input line 99.
LaTeX Font Info:    ... okay on input line 99.
LaTeX Font Info:    Checking defaults for U/cmr/m/n on input line 99.
LaTeX Font Info:    ... okay on input line 99.
LaTeX Font Info:    Checking defaults for PD1/pdf/m/n on input line 99.
LaTeX Font Info:    ... okay on input line 99.
LaTeX Font Info:    Checking defaults for PU/pdf/m/n on input line 99.
LaTeX Font Info:    ... okay on input line 99.
 (C:\Program Files\MiKTeX\tex/context/base/mkii\supp-pdf.mkii
[Loading MPS to PDF converter (version 2006.09.02).]
\scratchcounter=\count486
\scratchdimen=\dimen275
\scratchbox=\box115
\nofMPsegments=\count487
\nofMParguments=\count488
\everyMPshowfont=\toks44
\MPscratchCnt=\count489
\MPscratchDim=\dimen276
\MPnumerator=\count490
\makeMPintoPDFobject=\count491
\everyMPtoPDFconversion=\toks45
) (C:\Program Files\MiKTeX\tex/latex/epstopdf-pkg\epstopdf-base.sty
Package: epstopdf-base 2020-01-24 v2.11 Base part for package epstopdf
Package epstopdf-base Info: Redefining graphics rule for `.eps' on input line 4
85.

(C:\Program Files\MiKTeX\tex/latex/00miktex\epstopdf-sys.cfg
File: epstopdf-sys.cfg 2021/03/18 v2.0 Configuration of epstopdf for MiKTeX
))
Package caption Info: Begin \AtBeginDocument code.
Package caption Info: hyperref package is loaded.
Package caption Info: listings package is loaded.
Package caption Info: rotating package is loaded.
Package caption Info: End \AtBeginDocument code.
\c@lstlisting=\count492
Package hyperref Info: Link coloring OFF on input line 99.

(C:\Program Files\MiKTeX\tex/latex/hyperref\nameref.sty
Package: nameref 2021-04-02 v2.47 Cross-referencing by name of section

(C:\Program Files\MiKTeX\tex/latex/refcount\refcount.sty
Package: refcount 2019/12/15 v3.6 Data extraction from label references (HO)
)
(C:\Program Files\MiKTeX\tex/generic/gettitlestring\gettitlestring.sty
Package: gettitlestring 2019/12/15 v1.6 Cleanup title references (HO)
)
\c@section@level=\count493
)
LaTeX Info: Redefining \ref on input line 99.
LaTeX Info: Redefining \pageref on input line 99.
LaTeX Info: Redefining \nameref on input line 99.

(0_Thesis.out) (0_Thesis.out)
\@outlinefile=\write6
\openout6 = `0_Thesis.out'.

Package biblatex Info: Trying to load language 'english'...
Package biblatex Info: ... file 'english.lbx' found.

(C:\Program Files\MiKTeX\tex/latex/biblatex/lbx\english.lbx
File: english.lbx 2020/12/31 v3.16 biblatex localization (PK/MW)
)
Package biblatex Info: Input encoding 'utf8' detected.
Package biblatex Info: Automatic encoding selection.
(biblatex)             Assuming data encoding 'utf8'.
Package biblatex Info: Input encoding 'utf8' specified.
Package biblatex Info: Data encoding 'utf8' specified.
(biblatex)             No need to reencode data.
Package biblatex Info: Document encoding is UTF8 ....
Package biblatex Info: ... and expl3
(biblatex)             2021-11-12 L3 programming layer (loader) 
(biblatex)             is new enough (at least 2020/04/06),
(biblatex)             setting 'casechanger=expl3'.

(C:\Program Files\MiKTeX\tex/latex/biblatex\blx-case-expl3.sty
Package: blx-case-expl3 2020/12/31 v3.16 expl3 case changing code for biblatex
)
\openout4 = `0_Thesis-blx.bib'.

Package biblatex Info: Trying to load bibliographic data...
Package biblatex Info: ... file '0_Thesis.bbl' found.
 (0_Thesis.bbl)
Package biblatex Info: Reference section=0 on input line 99.
Package biblatex Info: Reference segment=0 on input line 99.

Underfull \hbox (badness 10000) in paragraph at lines 102--102

 []


Underfull \hbox (badness 10000) in paragraph at lines 102--102

 []

[1

]
Package biblatex Info: Reference segment=1 on input line 102.
Package biblatex Info: Setting label 'refsegment:01' on input line 102.
 [2

] [3] [4]
Package biblatex Info: Reference segment=2 on input line 103.
Package biblatex Info: Setting label 'refsegment:02' on input line 103.
 [5

] [6] [7]
Package biblatex Info: Reference segment=3 on input line 104.
Package biblatex Info: Setting label 'refsegment:03' on input line 104.
 [8

]
Package biblatex Info: Reference segment=4 on input line 105.
Package biblatex Info: Setting label 'refsegment:04' on input line 105.
 [9

]
Package biblatex Info: Reference segment=5 on input line 106.
Package biblatex Info: Setting label 'refsegment:05' on input line 106.
 [10

] [11] [12]
Package biblatex Info: Reference segment=6 on input line 107.
Package biblatex Info: Setting label 'refsegment:06' on input line 107.
 (0_Thesis.toc
LaTeX Font Info:    Trying to load font information for U+msa on input line 5.

(C:\Program Files\MiKTeX\tex/latex/amsfonts\umsa.fd
File: umsa.fd 2013/01/14 v3.01 AMS symbols A
)
LaTeX Font Info:    Trying to load font information for U+msb on input line 5.

(C:\Program Files\MiKTeX\tex/latex/amsfonts\umsb.fd
File: umsb.fd 2013/01/14 v3.01 AMS symbols B
) [13

])
\tf@toc=\write7
\openout7 = `0_Thesis.toc'.

 [14]
Package biblatex Info: Reference segment=7 on input line 108.
Package biblatex Info: Setting label 'refsegment:07' on input line 108.
 (0_Thesis.lot)
\tf@lot=\write8
\openout8 = `0_Thesis.lot'.


[15

]
Package biblatex Info: Reference segment=8 on input line 109.
Package biblatex Info: Setting label 'refsegment:08' on input line 109.
 (0_Thesis.lof)
\tf@lof=\write9
\openout9 = `0_Thesis.lof'.


Using TeX to sort glossary entries---this may take a while
[16

]
Package biblatex Info: Reference segment=9 on input line 112.
Package biblatex Info: Setting label 'refsegment:09' on input line 112.
 [17


]
\openout2 = `./Chapters/Ch_1_Intro/Ch_1_Intro.aux'.

 (Chapters/Ch_1_Intro/Ch_1_Intro.tex
Chapter 1.
Package biblatex Info: Reference segment=10 on input line 1.
Package biblatex Info: Setting label 'refsegment:010' on input line 1.
) [1


]
\openout2 = `./Chapters/Ch_2_Background/Ch_2_Background.aux'.

 (Chapters/Ch_2_Background/Ch_2_Background.tex
Chapter 2.
Package biblatex Info: Reference segment=11 on input line 1.
Package biblatex Info: Setting label 'refsegment:011' on input line 1.
LaTeX Font Info:    Trying to load font information for OMS+cmr on input line 4
9.
(C:\Program Files\MiKTeX\tex/latex/base\omscmr.fd
File: omscmr.fd 2019/12/16 v2.5j Standard LaTeX font definitions
)
LaTeX Font Info:    Font shape `OMS/cmr/m/n' in size <12> not available
(Font)              Font shape `OMS/cmsy/m/n' tried instead on input line 49.
<./Chapters/Ch_2_Background/images//sample.jpg, id=260, 313.17pt x 255.5949pt>
File: ./Chapters/Ch_2_Background/images//sample.jpg Graphic file (type jpg)
<use ./Chapters/Ch_2_Background/images//sample.jpg>
Package pdftex.def Info: ./Chapters/Ch_2_Background/images//sample.jpg  used on
 input line 52.
(pdftex.def)             Requested size: 303.53267pt x 247.73955pt.
Package hyperref Info: bookmark level for unknown plate defaults to 0 on input 
line 53.
 [2




]
File: ./Chapters/Ch_2_Background/images//sample.jpg Graphic file (type jpg)
<use ./Chapters/Ch_2_Background/images//sample.jpg>
Package pdftex.def Info: ./Chapters/Ch_2_Background/images//sample.jpg  used on
 input line 60.
(pdftex.def)             Requested size: 195.12767pt x 159.2589pt.
File: ./Chapters/Ch_2_Background/images//sample.jpg Graphic file (type jpg)
<use ./Chapters/Ch_2_Background/images//sample.jpg>
Package pdftex.def Info: ./Chapters/Ch_2_Background/images//sample.jpg  used on
 input line 66.
(pdftex.def)             Requested size: 195.12767pt x 159.2589pt.
File: ./Chapters/Ch_2_Background/images//sample.jpg Graphic file (type jpg)
<use ./Chapters/Ch_2_Background/images//sample.jpg>
Package pdftex.def Info: ./Chapters/Ch_2_Background/images//sample.jpg  used on
 input line 78.
(pdftex.def)             Requested size: 195.12767pt x 159.2589pt.
File: ./Chapters/Ch_2_Background/images//sample.jpg Graphic file (type jpg)
<use ./Chapters/Ch_2_Background/images//sample.jpg>
Package pdftex.def Info: ./Chapters/Ch_2_Background/images//sample.jpg  used on
 input line 85.
(pdftex.def)             Requested size: 195.12767pt x 159.2589pt.
File: ./Chapters/Ch_2_Background/images//sample.jpg Graphic file (type jpg)
<use ./Chapters/Ch_2_Background/images//sample.jpg>
Package pdftex.def Info: ./Chapters/Ch_2_Background/images//sample.jpg  used on
 input line 91.
(pdftex.def)             Requested size: 195.12767pt x 159.2589pt.
File: ./Chapters/Ch_2_Background/images//sample.jpg Graphic file (type jpg)
<use ./Chapters/Ch_2_Background/images//sample.jpg>
Package pdftex.def Info: ./Chapters/Ch_2_Background/images//sample.jpg  used on
 input line 103.
(pdftex.def)             Requested size: 402.00522pt x 328.10806pt.
File: ./Chapters/Ch_2_Background/images//sample.jpg Graphic file (type jpg)
<use ./Chapters/Ch_2_Background/images//sample.jpg>
Package pdftex.def Info: ./Chapters/Ch_2_Background/images//sample.jpg  used on
 input line 110.
(pdftex.def)             Requested size: 195.12767pt x 159.2589pt.
File: ./Chapters/Ch_2_Background/images//sample.jpg Graphic file (type jpg)
<use ./Chapters/Ch_2_Background/images//sample.jpg>
Package pdftex.def Info: ./Chapters/Ch_2_Background/images//sample.jpg  used on
 input line 116.
(pdftex.def)             Requested size: 195.12767pt x 159.2589pt.
File: ./Chapters/Ch_2_Background/images//sample.jpg Graphic file (type jpg)
<use ./Chapters/Ch_2_Background/images//sample.jpg>
Package pdftex.def Info: ./Chapters/Ch_2_Background/images//sample.jpg  used on
 input line 127.
(pdftex.def)             Requested size: 195.12767pt x 159.2589pt.
File: ./Chapters/Ch_2_Background/images//sample.jpg Graphic file (type jpg)
<use ./Chapters/Ch_2_Background/images//sample.jpg>
Package pdftex.def Info: ./Chapters/Ch_2_Background/images//sample.jpg  used on
 input line 133.
(pdftex.def)             Requested size: 195.12767pt x 159.2589pt.
File: ./Chapters/Ch_2_Background/images//sample.jpg Graphic file (type jpg)
<use ./Chapters/Ch_2_Background/images//sample.jpg>
Package pdftex.def Info: ./Chapters/Ch_2_Background/images//sample.jpg  used on
 input line 139.
(pdftex.def)             Requested size: 195.12767pt x 159.2589pt.
File: ./Chapters/Ch_2_Background/images//sample.jpg Graphic file (type jpg)
<use ./Chapters/Ch_2_Background/images//sample.jpg>
Package pdftex.def Info: ./Chapters/Ch_2_Background/images//sample.jpg  used on
 input line 145.
(pdftex.def)             Requested size: 195.12767pt x 159.2589pt.
 [3] [4 <./Chapters/Ch_2_Background/images//sample.jpg>] [5] [6] [7]) [8

]
\openout2 = `./Chapters/Ch_3/Ch_3.aux'.

 (Chapters/Ch_3/Ch_3.tex
Chapter 3.
Package biblatex Info: Reference segment=12 on input line 1.
Package biblatex Info: Setting label 'refsegment:012' on input line 1.
) [9




] [10] [11]
\openout2 = `./Chapters/Ch_4/Ch_4.aux'.

 (Chapters/Ch_4/Ch_4.tex
Chapter 4.
Package biblatex Info: Reference segment=13 on input line 1.
Package biblatex Info: Setting label 'refsegment:013' on input line 1.
) [12




] [13] [14]
\openout2 = `./Chapters/Ch_x_Conlusion_FutureWork/Ch_x_future.aux'.

 (Chapters/Ch_x_Conlusion_FutureWork/Ch_x_future.tex
Chapter 5.
Package biblatex Info: Reference segment=14 on input line 1.
Package biblatex Info: Setting label 'refsegment:014' on input line 1.
[15




] [16]
Package biblatex Info: Reference segment=15 on input line 43.
Package biblatex Info: Setting label 'refsegment:015' on input line 43.
 [17

] [18]) (Appendices/Appendix.tex [19




]
Package biblatex Info: Reference segment=16 on input line 2.
Package biblatex Info: Setting label 'refsegment:016' on input line 2.
 [20

]
Package biblatex Info: Reference segment=17 on input line 8.
Package biblatex Info: Setting label 'refsegment:017' on input line 8.
 [21

]
Package biblatex Info: Reference segment=18 on input line 14.
Package biblatex Info: Setting label 'refsegment:018' on input line 14.

(C:\Program Files\MiKTeX\tex/latex/listings\lstlang1.sty
File: lstlang1.sty 2020/03/24 1.8d listings language file
) (Code/matlabCode.m)
(C:\Program Files\MiKTeX\tex/latex/listings\lstlang1.sty
File: lstlang1.sty 2020/03/24 1.8d listings language file
)
(C:\Program Files\MiKTeX\tex/latex/listings\lstmisc.sty
File: lstmisc.sty 2020/03/24 1.8d (Carsten Heinz)
) (Code/cCode.cpp
LaTeX Font Info:    Font shape `OMS/cmr/m/n' in size <8> not available
(Font)              Font shape `OMS/cmsy/m/n' tried instead on input line 6.
LaTeX Font Info:    Trying to load font information for OML+cmr on input line 1
2.

(C:\Program Files\MiKTeX\tex/latex/base\omlcmr.fd
File: omlcmr.fd 2019/12/16 v2.5j Standard LaTeX font definitions
)
LaTeX Font Info:    Font shape `OML/cmr/m/n' in size <8> not available
(Font)              Font shape `OML/cmm/m/it' tried instead on input line 12.
)
(Appendices/PDF_Appendix.tex [22

]
Package biblatex Info: Reference segment=19 on input line 1.
Package biblatex Info: Setting label 'refsegment:019' on input line 1.


pdfTeX warning: pdflatex (file ./Appendices/examplePDF.pdf): PDF inclusion: fou
nd PDF version <1.7>, but at most version <1.5> allowed
<./Appendices/examplePDF.pdf, id=416, 614.295pt x 794.97pt>
File: ./Appendices/examplePDF.pdf Graphic file (type pdf)
<use ./Appendices/examplePDF.pdf>
Package pdftex.def Info: ./Appendices/examplePDF.pdf  used on input line 4.
(pdftex.def)             Requested size: 614.29349pt x 794.96806pt.


pdfTeX warning: pdflatex (file ./Appendices/examplePDF.pdf): PDF inclusion: fou
nd PDF version <1.7>, but at most version <1.5> allowed
File: ./Appendices/examplePDF.pdf Graphic file (type pdf)
<use ./Appendices/examplePDF.pdf>
Package pdftex.def Info: ./Appendices/examplePDF.pdf  used on input line 4.
(pdftex.def)             Requested size: 614.29349pt x 794.96806pt.


pdfTeX warning: pdflatex (file ./Appendices/examplePDF.pdf): PDF inclusion: fou
nd PDF version <1.7>, but at most version <1.5> allowed


pdfTeX warning: pdflatex (file ./Appendices/examplePDF.pdf): PDF inclusion: fou
nd PDF version <1.7>, but at most version <1.5> allowed
<./Appendices/examplePDF.pdf, id=419, page=1, 614.295pt x 794.97pt>
File: ./Appendices/examplePDF.pdf Graphic file (type pdf)
<use ./Appendices/examplePDF.pdf, page 1>
Package pdftex.def Info: ./Appendices/examplePDF.pdf , page1 used on input line
 4.
(pdftex.def)             Requested size: 614.29349pt x 794.96806pt.
File: ./Appendices/examplePDF.pdf Graphic file (type pdf)
<use ./Appendices/examplePDF.pdf, page 1>
Package pdftex.def Info: ./Appendices/examplePDF.pdf , page1 used on input line
 4.
(pdftex.def)             Requested size: 522.15321pt x 675.72769pt.
[23

]
File: ./Appendices/examplePDF.pdf Graphic file (type pdf)
<use ./Appendices/examplePDF.pdf, page 1>
Package pdftex.def Info: ./Appendices/examplePDF.pdf , page1 used on input line
 4.
(pdftex.def)             Requested size: 522.15321pt x 675.72769pt.
File: ./Appendices/examplePDF.pdf Graphic file (type pdf)
<use ./Appendices/examplePDF.pdf, page 1>
Package pdftex.def Info: ./Appendices/examplePDF.pdf , page1 used on input line
 4.
(pdftex.def)             Requested size: 522.15321pt x 675.72769pt.
File: ./Appendices/examplePDF.pdf Graphic file (type pdf)
<use ./Appendices/examplePDF.pdf, page 1>
Package pdftex.def Info: ./Appendices/examplePDF.pdf , page1 used on input line
 4.
(pdftex.def)             Requested size: 522.15321pt x 675.72769pt.
 [24 <./Appendices/examplePDF.pdf>]

pdfTeX warning: pdflatex (file ./Appendices/examplePDF.pdf): PDF inclusion: fou
nd PDF version <1.7>, but at most version <1.5> allowed
<./Appendices/examplePDF.pdf, id=447, page=2, 614.295pt x 794.97pt>
File: ./Appendices/examplePDF.pdf Graphic file (type pdf)
<use ./Appendices/examplePDF.pdf, page 2>
Package pdftex.def Info: ./Appendices/examplePDF.pdf , page2 used on input line
 4.
(pdftex.def)             Requested size: 522.15321pt x 675.72769pt.
File: ./Appendices/examplePDF.pdf Graphic file (type pdf)
<use ./Appendices/examplePDF.pdf, page 2>
Package pdftex.def Info: ./Appendices/examplePDF.pdf , page2 used on input line
 4.
(pdftex.def)             Requested size: 522.15321pt x 675.72769pt.
File: ./Appendices/examplePDF.pdf Graphic file (type pdf)
<use ./Appendices/examplePDF.pdf, page 2>
Package pdftex.def Info: ./Appendices/examplePDF.pdf , page2 used on input line
 4.
(pdftex.def)             Requested size: 522.15321pt x 675.72769pt.
[25 <./Appendices/examplePDF.pdf>]

pdfTeX warning: pdflatex (file ./Appendices/landscapePDF.pdf): PDF inclusion: f
ound PDF version <1.7>, but at most version <1.5> allowed
<./Appendices/landscapePDF.pdf, id=453, 794.97pt x 614.295pt>
File: ./Appendices/landscapePDF.pdf Graphic file (type pdf)
<use ./Appendices/landscapePDF.pdf>
Package pdftex.def Info: ./Appendices/landscapePDF.pdf  used on input line 6.
(pdftex.def)             Requested size: 794.96806pt x 614.29349pt.


pdfTeX warning: pdflatex (file ./Appendices/landscapePDF.pdf): PDF inclusion: f
ound PDF version <1.7>, but at most version <1.5> allowed
File: ./Appendices/landscapePDF.pdf Graphic file (type pdf)
<use ./Appendices/landscapePDF.pdf>
Package pdftex.def Info: ./Appendices/landscapePDF.pdf  used on input line 6.
(pdftex.def)             Requested size: 794.96806pt x 614.29349pt.


pdfTeX warning: pdflatex (file ./Appendices/landscapePDF.pdf): PDF inclusion: f
ound PDF version <1.7>, but at most version <1.5> allowed


pdfTeX warning: pdflatex (file ./Appendices/landscapePDF.pdf): PDF inclusion: f
ound PDF version <1.7>, but at most version <1.5> allowed
<./Appendices/landscapePDF.pdf, id=456, page=1, 794.97pt x 614.295pt>
File: ./Appendices/landscapePDF.pdf Graphic file (type pdf)
<use ./Appendices/landscapePDF.pdf, page 1>
Package pdftex.def Info: ./Appendices/landscapePDF.pdf , page1 used on input li
ne 6.
(pdftex.def)             Requested size: 794.96806pt x 614.29349pt.
File: ./Appendices/landscapePDF.pdf Graphic file (type pdf)
<use ./Appendices/landscapePDF.pdf, page 1>
Package pdftex.def Info: ./Appendices/landscapePDF.pdf , page1 used on input li
ne 6.
(pdftex.def)             Requested size: 675.72769pt x 522.15321pt.
[26]
File: ./Appendices/landscapePDF.pdf Graphic file (type pdf)
<use ./Appendices/landscapePDF.pdf, page 1>
Package pdftex.def Info: ./Appendices/landscapePDF.pdf , page1 used on input li
ne 6.
(pdftex.def)             Requested size: 675.72769pt x 522.15321pt.
File: ./Appendices/landscapePDF.pdf Graphic file (type pdf)
<use ./Appendices/landscapePDF.pdf, page 1>
Package pdftex.def Info: ./Appendices/landscapePDF.pdf , page1 used on input li
ne 6.
(pdftex.def)             Requested size: 675.72769pt x 522.15321pt.
File: ./Appendices/landscapePDF.pdf Graphic file (type pdf)
<use ./Appendices/landscapePDF.pdf, page 1>
Package pdftex.def Info: ./Appendices/landscapePDF.pdf , page1 used on input li
ne 6.
(pdftex.def)             Requested size: 675.72769pt x 522.15321pt.
 [27 <./Appendices/landscapePDF.pdf>]

pdfTeX warning: pdflatex (file ./Appendices/landscapePDF.pdf): PDF inclusion: f
ound PDF version <1.7>, but at most version <1.5> allowed
<./Appendices/landscapePDF.pdf, id=485, page=2, 794.97pt x 614.295pt>
File: ./Appendices/landscapePDF.pdf Graphic file (type pdf)
<use ./Appendices/landscapePDF.pdf, page 2>
Package pdftex.def Info: ./Appendices/landscapePDF.pdf , page2 used on input li
ne 6.
(pdftex.def)             Requested size: 675.72769pt x 522.15321pt.
File: ./Appendices/landscapePDF.pdf Graphic file (type pdf)
<use ./Appendices/landscapePDF.pdf, page 2>
Package pdftex.def Info: ./Appendices/landscapePDF.pdf , page2 used on input li
ne 6.
(pdftex.def)             Requested size: 675.72769pt x 522.15321pt.
File: ./Appendices/landscapePDF.pdf Graphic file (type pdf)
<use ./Appendices/landscapePDF.pdf, page 2>
Package pdftex.def Info: ./Appendices/landscapePDF.pdf , page2 used on input li
ne 6.
(pdftex.def)             Requested size: 675.72769pt x 522.15321pt.
[28 <./Appendices/landscapePDF.pdf>])) (0_Thesis.aux
(Chapters/Ch_1_Intro/Ch_1_Intro.aux)
(Chapters/Ch_2_Background/Ch_2_Background.aux) (Chapters/Ch_3/Ch_3.aux)
(Chapters/Ch_4/Ch_4.aux) (Chapters/Ch_x_Conlusion_FutureWork/Ch_x_future.aux))

LaTeX Warning: There were multiply-defined labels.

Package rerunfilecheck Info: File `0_Thesis.out' has not changed.
(rerunfilecheck)             Checksum: 2FC78EF318FD9755C79E03BDA8C83B1C;1877.
Package logreq Info: Writing requests to '0_Thesis.run.xml'.
\openout1 = `0_Thesis.run.xml'.

 ) 
Here is how much of TeX's memory you used:
 34035 strings out of 478661
 595103 string characters out of 2855449
 1412927 words of memory out of 3000000
 51398 multiletter control sequences out of 15000+600000
 412095 words of font info for 59 fonts, out of 8000000 for 9000
 1141 hyphenation exceptions out of 8191
 125i,18n,145p,1833b,2539s stack positions out of 5000i,500n,10000p,200000b,80000s
{C:/Program Files/MiKTeX/fonts/enc/dvips/cm-super/cm-super-ts1.enc}<C:/Progra
m Files/MiKTeX/fonts/type1/public/amsfonts/cm/cmbx12.pfb><C:/Program Files/MiKT
eX/fonts/type1/public/amsfonts/cm/cmmi12.pfb><C:/Program Files/MiKTeX/fonts/typ
e1/public/amsfonts/cm/cmmi8.pfb><C:/Program Files/MiKTeX/fonts/type1/public/ams
fonts/cm/cmr10.pfb><C:/Program Files/MiKTeX/fonts/type1/public/amsfonts/cm/cmr1
2.pfb><C:/Program Files/MiKTeX/fonts/type1/public/amsfonts/cm/cmr8.pfb><C:/Prog
ram Files/MiKTeX/fonts/type1/public/amsfonts/cm/cmsy10.pfb><C:/Program Files/Mi
KTeX/fonts/type1/public/amsfonts/cm/cmsy8.pfb><C:/Program Files/MiKTeX/fonts/ty
pe1/public/amsfonts/cm/cmti12.pfb><C:/Program Files/MiKTeX/fonts/type1/public/a
msfonts/cm/cmtt8.pfb><C:/Program Files/MiKTeX/fonts/type1/public/cm-super/sfrm0
800.pfb><C:/Program Files/MiKTeX/fonts/type1/public/cm-super/sfrm1200.pfb>
Output written on 0_Thesis.pdf (45 pages, 477249 bytes).
PDF statistics:
 575 PDF objects out of 1000 (max. 8388607)
 144 named destinations out of 1000 (max. 500000)
 300 words of extra memory for PDF output out of 10000 (max. 10000000)

