\BOOKMARK [0][-]{chapter.1}{Introduction}{}% 1
\BOOKMARK [1][-]{section.1.1}{Motivation}{chapter.1}% 2
\BOOKMARK [1][-]{section.1.2}{Objectives}{chapter.1}% 3
\BOOKMARK [1][-]{section.1.3}{Outline}{chapter.1}% 4
\BOOKMARK [0][-]{chapter.2}{Background}{}% 5
\BOOKMARK [1][-]{section.2.1}{Tables}{chapter.2}% 6
\BOOKMARK [1][-]{section.2.2}{Figures}{chapter.2}% 7
\BOOKMARK [1][-]{section.2.3}{Equations}{chapter.2}% 8
\BOOKMARK [1][-]{section.2.4}{Summary}{chapter.2}% 9
\BOOKMARK [0][-]{chapter.3}{Title\040of\040Chapter\0403}{}% 10
\BOOKMARK [0][-]{chapter.4}{Title\040of\040Chapter\0404}{}% 11
\BOOKMARK [0][-]{chapter.5}{Conclusion}{}% 12
\BOOKMARK [1][-]{section.5.1}{Summary}{chapter.5}% 13
\BOOKMARK [1][-]{section.5.2}{Contributions}{chapter.5}% 14
\BOOKMARK [1][-]{section.5.3}{Future\040Considerations}{chapter.5}% 15
\BOOKMARK [0][-]{chapter*.18}{Thesis\040Publication\040List\040\(as\040of\040April\0402020\)}{}% 16
\BOOKMARK [0][-]{chapter*.25}{Bibliography}{}% 17
\BOOKMARK [0][-]{appendix*.26}{Appendix\040A:\040Patch\040on\040curvature\040simulation\040maybe}{}% 18
\BOOKMARK [1][-]{section.A.1}{Section\0401}{appendix*.26}% 19
\BOOKMARK [1][-]{section.A.2}{Section\0402}{appendix*.26}% 20
\BOOKMARK [0][-]{appendix*.27}{Appendix\040B:\040Matlab\040code\040for\040ch\0405}{}% 21
\BOOKMARK [1][-]{section.B.1}{Section\0401}{appendix*.27}% 22
\BOOKMARK [1][-]{section.B.2}{Section\0402}{appendix*.27}% 23
\BOOKMARK [0][-]{appendix*.28}{Appendix\040C:\040Third\040Appendix}{}% 24
\BOOKMARK [1][-]{section.C.1}{Section\0401}{appendix*.28}% 25
\BOOKMARK [1][-]{section.C.2}{Section\0402}{appendix*.28}% 26
\BOOKMARK [0][-]{appendix*.29}{Appendix\040D:\040Inserting\040PDFs}{}% 27
\BOOKMARK [1][-]{section.D.1}{how\040to\040insert\040a\040portrait\040PDF}{appendix*.29}% 28
\BOOKMARK [1][-]{section.D.2}{How\040to\040insert\040a\040landscape\040PDF}{appendix*.29}% 29
