This is XeTeX, Version 3.141592653-2.6-0.999993 (MiKTeX 21.6) (preloaded format=xelatex 2021.9.29)  30 SEP 2021 20:28
entering extended mode
**./portada.tex
(portada.tex
LaTeX2e <2021-06-01>
L3 programming layer <2021-06-01>

! LaTeX Error: Missing \begin{document}.

See the LaTeX manual or LaTeX Companion for explanation.
Type  H <return>  for immediate help.
 ...                                              
                                                  
l.1 \begin{center}
                  
You're in trouble here.  Try typing  <return>  to proceed.
If that doesn't work, type  X <return>  to quit.


Overfull \hbox (20.0pt too wide) in paragraph at lines 1--1
[] 
 []

! Undefined control sequence.
l.5 \bf
       \fontsize{19}{0}{\selectfont{UNIVERSIDAD DE GUADALAJARA}}\\[0.5cm]
The control sequence at the end of the top line
of your error message was never \def'ed. If you have
misspelled it (e.g., `\hobx'), type `I' and the correct
spelling (e.g., `I\hbox'). Otherwise just continue,
and I'll forget about whatever was undefined.


Overfull \hbox (126.065pt too wide) in paragraph at lines 5--5
 \TU/lmr/m/n/19 UNIVERSIDAD 
 []


Overfull \hbox (25.365pt too wide) in paragraph at lines 5--5
 \TU/lmr/m/n/19 DE 
 []


Overfull \hbox (96.08301pt too wide) in paragraph at lines 5--5
 \TU/lmr/m/n/19 GUADALA- 
 []


Overfull \hbox (48.203pt too wide) in paragraph at lines 5--5
 \TU/lmr/m/n/19 JARA 
 []

Missing character: There is no C in font nullfont!
Missing character: There is no E in font nullfont!
Missing character: There is no N in font nullfont!
Missing character: There is no T in font nullfont!
Missing character: There is no R in font nullfont!
Missing character: There is no O in font nullfont!
Missing character: There is no U in font nullfont!
Missing character: There is no N in font nullfont!
Missing character: There is no I in font nullfont!
Missing character: There is no V in font nullfont!
Missing character: There is no E in font nullfont!
Missing character: There is no R in font nullfont!
Missing character: There is no S in font nullfont!
Missing character: There is no I in font nullfont!
Missing character: There is no T in font nullfont!
Missing character: There is no A in font nullfont!
Missing character: There is no R in font nullfont!
Missing character: There is no I in font nullfont!
Missing character: There is no O in font nullfont!
Missing character: There is no D in font nullfont!
Missing character: There is no E in font nullfont!
Missing character: There is no C in font nullfont!
Missing character: There is no I in font nullfont!
Missing character: There is no E in font nullfont!
Missing character: There is no N in font nullfont!
Missing character: There is no C in font nullfont!
Missing character: There is no I in font nullfont!
Missing character: There is no A in font nullfont!
Missing character: There is no S in font nullfont!
Missing character: There is no E in font nullfont!
Missing character: There is no X in font nullfont!
Missing character: There is no A in font nullfont!
Missing character: There is no C in font nullfont!
Missing character: There is no T in font nullfont!
Missing character: There is no A in font nullfont!
Missing character: There is no S in font nullfont!
Missing character: There is no E in font nullfont!
Missing character: There is no I in font nullfont!
Missing character: There is no N in font nullfont!
Missing character: There is no G in font nullfont!
Missing character: There is no E in font nullfont!
Missing character: There is no N in font nullfont!
Missing character: There is no I in font nullfont!
Missing character: There is no E in font nullfont!
Missing character: There is no R in font nullfont!
Missing character: There is no Í in font nullfont!
Missing character: There is no A in font nullfont!
Missing character: There is no S in font nullfont!
! Undefined control sequence.
l.12 \bf
        \fontsize{14}{0}{\selectfont{NOMBRE DE LA DIVISIÓN}}
The control sequence at the end of the top line
of your error message was never \def'ed. If you have
misspelled it (e.g., `\hobx'), type `I' and the correct
spelling (e.g., `I\hbox'). Otherwise just continue,
and I'll forget about whatever was undefined.


Overfull \hbox (62.62201pt too wide) in paragraph at lines 12--14
 []\TU/lmr/m/n/14 NOMBRE 
 []


Overfull \hbox (19.796pt too wide) in paragraph at lines 12--14
 \TU/lmr/m/n/14 DE 
 []


Overfull \hbox (18.844pt too wide) in paragraph at lines 12--14
 \TU/lmr/m/n/14 LA 
 []


Overfull \hbox (19.978pt too wide) in paragraph at lines 12--14
 \TU/lmr/m/n/14 DI- 
 []


Overfull \hbox (48.72pt too wide) in paragraph at lines 12--14
 \TU/lmr/m/n/14 VISIÓN 
 []

! Undefined control sequence.
l.18 \bf
        \fontsize{11}{0}{\selectfont{NOMBRE DEL DEPARTAMENTO AL QUE PERTENEC...
The control sequence at the end of the top line
of your error message was never \def'ed. If you have
misspelled it (e.g., `\hobx'), type `I' and the correct
spelling (e.g., `I\hbox'). Otherwise just continue,
and I'll forget about whatever was undefined.


Overfull \hbox (49.203pt too wide) in paragraph at lines 18--20
 []\TU/lmr/m/n/11 NOMBRE 
 []


Overfull \hbox (22.286pt too wide) in paragraph at lines 18--20
 \TU/lmr/m/n/11 DEL 
 []


Overfull \hbox (19.14pt too wide) in paragraph at lines 18--20
 \TU/lmr/m/n/11 DE- 
 []


Overfull \hbox (26.015pt too wide) in paragraph at lines 18--20
 \TU/lmr/m/n/11 PAR- 
 []


Overfull \hbox (18.535pt too wide) in paragraph at lines 18--20
 \TU/lmr/m/n/11 TA- 
 []


Overfull \hbox (41.426pt too wide) in paragraph at lines 18--20
 \TU/lmr/m/n/11 MENTO 
 []


Overfull \hbox (14.806pt too wide) in paragraph at lines 18--20
 \TU/lmr/m/n/11 AL 
 []


Overfull \hbox (23.782pt too wide) in paragraph at lines 18--20
 \TU/lmr/m/n/11 QUE 
 []


Overfull \hbox (75.36101pt too wide) in paragraph at lines 18--20
 \TU/lmr/m/n/11 PERTENECEN 
 []

! Undefined control sequence.
l.22 \includegraphics
                     [scale=0.3]{figuras/udg}
The control sequence at the end of the top line
of your error message was never \def'ed. If you have
misspelled it (e.g., `\hobx'), type `I' and the correct
spelling (e.g., `I\hbox'). Otherwise just continue,
and I'll forget about whatever was undefined.

Missing character: There is no [ in font nullfont!
Missing character: There is no s in font nullfont!
Missing character: There is no c in font nullfont!
Missing character: There is no a in font nullfont!
Missing character: There is no l in font nullfont!
Missing character: There is no e in font nullfont!
Missing character: There is no = in font nullfont!
Missing character: There is no 0 in font nullfont!
Missing character: There is no . in font nullfont!
Missing character: There is no 3 in font nullfont!
Missing character: There is no ] in font nullfont!
Missing character: There is no f in font nullfont!
Missing character: There is no i in font nullfont!
Missing character: There is no g in font nullfont!
Missing character: There is no u in font nullfont!
Missing character: There is no r in font nullfont!
Missing character: There is no a in font nullfont!
Missing character: There is no s in font nullfont!
Missing character: There is no / in font nullfont!
Missing character: There is no u in font nullfont!
Missing character: There is no d in font nullfont!
Missing character: There is no g in font nullfont!
! Undefined control sequence.
l.26 \bf
        \fontsize{13}{0}{\selectfont{TÍTULO DE TESIS}}
The control sequence at the end of the top line
of your error message was never \def'ed. If you have
misspelled it (e.g., `\hobx'), type `I' and the correct
spelling (e.g., `I\hbox'). Otherwise just continue,
and I'll forget about whatever was undefined.


Overfull \hbox (50.375pt too wide) in paragraph at lines 26--28
 []\TU/lmr/m/n/13 TÍTULO 
 []


Overfull \hbox (18.382pt too wide) in paragraph at lines 26--28
 \TU/lmr/m/n/13 DE 
 []


Overfull \hbox (36.582pt too wide) in paragraph at lines 26--28
 \TU/lmr/m/n/13 TESIS 
 []

! Undefined control sequence.
l.32 \hfill\bf
              \fontsize{14}{0}{\selectfont{Director de tesis: Nombre}}\\[0.2cm]
The control sequence at the end of the top line
of your error message was never \def'ed. If you have
misspelled it (e.g., `\hobx'), type `I' and the correct
spelling (e.g., `I\hbox'). Otherwise just continue,
and I'll forget about whatever was undefined.


Overfull \hbox (18.844pt too wide) in paragraph at lines 32--32
 \TU/lmr/m/n/14 Di- 
 []


Overfull \hbox (22.078pt too wide) in paragraph at lines 32--32
 \TU/lmr/m/n/14 rec- 
 []


Overfull \hbox (17.528pt too wide) in paragraph at lines 32--32
 \TU/lmr/m/n/14 tor 
 []


Overfull \hbox (13.706pt too wide) in paragraph at lines 32--32
 \TU/lmr/m/n/14 de 
 []


Overfull \hbox (29.848pt too wide) in paragraph at lines 32--32
 \TU/lmr/m/n/14 tesis: 
 []


Overfull \hbox (33.12401pt too wide) in paragraph at lines 32--32
 \TU/lmr/m/n/14 Nom- 
 []


Overfull \hbox (19.04001pt too wide) in paragraph at lines 32--32
 \TU/lmr/m/n/14 bre 
 []

! Undefined control sequence.
l.33 \hfill\bf
              \fontsize{14}{0}{\selectfont{Tesista: Nombre}}
The control sequence at the end of the top line
of your error message was never \def'ed. If you have
misspelled it (e.g., `\hobx'), type `I' and the correct
spelling (e.g., `I\hbox'). Otherwise just continue,
and I'll forget about whatever was undefined.


Overfull \hbox (45.45801pt too wide) in paragraph at lines 33--35
 \TU/lmr/m/n/14 Tesista: 
 []


Overfull \hbox (33.12401pt too wide) in paragraph at lines 33--35
 \TU/lmr/m/n/14 Nom- 
 []


Overfull \hbox (19.04001pt too wide) in paragraph at lines 33--35
 \TU/lmr/m/n/14 bre 
 []

Missing character: There is no G in font nullfont!
Missing character: There is no u in font nullfont!
Missing character: There is no a in font nullfont!
Missing character: There is no d in font nullfont!
Missing character: There is no a in font nullfont!
Missing character: There is no l in font nullfont!
Missing character: There is no a in font nullfont!
Missing character: There is no j in font nullfont!
Missing character: There is no a in font nullfont!
Missing character: There is no r in font nullfont!
Missing character: There is no a in font nullfont!
Missing character: There is no , in font nullfont!
Missing character: There is no J in font nullfont!
Missing character: There is no a in font nullfont!
Missing character: There is no l in font nullfont!
Missing character: There is no i in font nullfont!
Missing character: There is no s in font nullfont!
Missing character: There is no c in font nullfont!
Missing character: There is no o in font nullfont!
Missing character: There is no , in font nullfont!
Missing character: There is no A in font nullfont!
Missing character: There is no b in font nullfont!
Missing character: There is no r in font nullfont!
Missing character: There is no i in font nullfont!
Missing character: There is no l in font nullfont!
Missing character: There is no d in font nullfont!
Missing character: There is no e in font nullfont!
Missing character: There is no l in font nullfont!
Missing character: There is no 2 in font nullfont!
Missing character: There is no 0 in font nullfont!
Missing character: There is no 1 in font nullfont!
Missing character: There is no 7 in font nullfont!
)
! Emergency stop.
<*> ./portada.tex
                 
*** (job aborted, no legal \end found)

 
Here is how much of TeX's memory you used:
 27 strings out of 411235
 582 string characters out of 2832139
 303779 words of memory out of 3000000
 20578 multiletter control sequences out of 15000+600000
 403462 words of font info for 31 fonts, out of 8000000 for 9000
 1348 hyphenation exceptions out of 8191
 15i,1n,12p,121b,116s stack positions out of 5000i,500n,10000p,200000b,80000s
No pages of output.
