This is pdfTeX, Version 3.141592653-2.6-1.40.22 (MiKTeX 21.2) (preloaded format=pdflatex 2021.3.12)  18 MAR 2021 18:49
entering extended mode
**"./Práctica 4.tex"
(Práctica 4.tex
LaTeX2e <2020-10-01> patch level 4
L3 programming layer <2021-02-18> xparse <2020-03-03>
(C:\Users\achal\AppData\Local\Programs\MiKTeX\tex/latex/base\article.cls
Document Class: article 2020/04/10 v1.4m Standard LaTeX document class
(C:\Users\achal\AppData\Local\Programs\MiKTeX\tex/latex/base\size12.clo
File: size12.clo 2020/04/10 v1.4m Standard LaTeX file (size option)
)
\c@part=\count179
\c@section=\count180
\c@subsection=\count181
\c@subsubsection=\count182
\c@paragraph=\count183
\c@subparagraph=\count184
\c@figure=\count185
\c@table=\count186
\abovecaptionskip=\skip47
\belowcaptionskip=\skip48
\bibindent=\dimen138
)
(C:\Users\achal\AppData\Local\Programs\MiKTeX\tex/latex/base\fontenc.sty
Package: fontenc 2020/08/10 v2.0s Standard LaTeX package
)
(C:\Users\achal\AppData\Local\Programs\MiKTeX\tex/latex/base\inputenc.sty
Package: inputenc 2020/08/01 v1.3d Input encoding file
\inpenc@prehook=\toks15
\inpenc@posthook=\toks16
)
(C:\Users\achal\AppData\Local\Programs\MiKTeX\tex/generic/babel\babel.sty
Package: babel 2021/03/03 3.55 The Babel package

(C:\Users\achal\AppData\Local\Programs\MiKTeX\tex/generic/babel\babel.def
File: babel.def 2021/03/03 3.55 Babel common definitions
\babel@savecnt=\count187
\U@D=\dimen139
\l@babelnohyphens=\language82

(C:\Users\achal\AppData\Local\Programs\MiKTeX\tex/generic/babel\txtbabel.def)
\bbl@readstream=\read2
)
\bbl@dirlevel=\count188

*************************************
* Local config file bblopts.cfg used
*
(C:\Users\achal\AppData\Local\Programs\MiKTeX\tex/latex/arabi\bblopts.cfg
File: bblopts.cfg 2005/09/08 v0.1 add Arabic and Farsi to "declared" options of
 babel
)
(C:\Users\achal\AppData\Local\Programs\MiKTeX\tex/latex/babel-spanish\spanish.l
df
Language: spanish.ldf 2016/03/03 v5.0p Spanish support from the babel system
\es@quottoks=\toks17
\es@quotdepth=\count189
Package babel Info: Making " an active character on input line 561.
Package babel Info: Making . an active character on input line 662.
Package babel Info: Making < an active character on input line 707.
Package babel Info: Making > an active character on input line 707.
))
(C:\Users\achal\AppData\Local\Programs\MiKTeX\tex/latex/amsmath\amsmath.sty
Package: amsmath 2020/09/23 v2.17i AMS math features
\@mathmargin=\skip49

For additional information on amsmath, use the `?' option.
(C:\Users\achal\AppData\Local\Programs\MiKTeX\tex/latex/amsmath\amstext.sty
Package: amstext 2000/06/29 v2.01 AMS text

(C:\Users\achal\AppData\Local\Programs\MiKTeX\tex/latex/amsmath\amsgen.sty
File: amsgen.sty 1999/11/30 v2.0 generic functions
\@emptytoks=\toks18
\ex@=\dimen140
))
(C:\Users\achal\AppData\Local\Programs\MiKTeX\tex/latex/amsmath\amsbsy.sty
Package: amsbsy 1999/11/29 v1.2d Bold Symbols
\pmbraise@=\dimen141
)
(C:\Users\achal\AppData\Local\Programs\MiKTeX\tex/latex/amsmath\amsopn.sty
Package: amsopn 2016/03/08 v2.02 operator names
)
\inf@bad=\count190
LaTeX Info: Redefining \frac on input line 234.
\uproot@=\count191
\leftroot@=\count192
LaTeX Info: Redefining \overline on input line 399.
\classnum@=\count193
\DOTSCASE@=\count194
LaTeX Info: Redefining \ldots on input line 496.
LaTeX Info: Redefining \dots on input line 499.
LaTeX Info: Redefining \cdots on input line 620.
\Mathstrutbox@=\box47
\strutbox@=\box48
\big@size=\dimen142
LaTeX Font Info:    Redeclaring font encoding OML on input line 743.
LaTeX Font Info:    Redeclaring font encoding OMS on input line 744.
\macc@depth=\count195
\c@MaxMatrixCols=\count196
\dotsspace@=\muskip16
\c@parentequation=\count197
\dspbrk@lvl=\count198
\tag@help=\toks19
\row@=\count199
\column@=\count266
\maxfields@=\count267
\andhelp@=\toks20
\eqnshift@=\dimen143
\alignsep@=\dimen144
\tagshift@=\dimen145
\tagwidth@=\dimen146
\totwidth@=\dimen147
\lineht@=\dimen148
\@envbody=\toks21
\multlinegap=\skip50
\multlinetaggap=\skip51
\mathdisplay@stack=\toks22
LaTeX Info: Redefining \[ on input line 2923.
LaTeX Info: Redefining \] on input line 2924.
)
(C:\Users\achal\AppData\Local\Programs\MiKTeX\tex/latex/amsfonts\amssymb.sty
Package: amssymb 2013/01/14 v3.01 AMS font symbols

(C:\Users\achal\AppData\Local\Programs\MiKTeX\tex/latex/amsfonts\amsfonts.sty
Package: amsfonts 2013/01/14 v3.01 Basic AMSFonts support
\symAMSa=\mathgroup4
\symAMSb=\mathgroup5
LaTeX Font Info:    Redeclaring math symbol \hbar on input line 98.
LaTeX Font Info:    Overwriting math alphabet `\mathfrak' in version `bold'
(Font)                  U/euf/m/n --> U/euf/b/n on input line 106.
)) (C:\Users\achal\AppData\Local\Programs\MiKTeX\tex/latex/base\latexsym.sty
Package: latexsym 1998/08/17 v2.2e Standard LaTeX package (lasy symbols)
\symlasy=\mathgroup6
LaTeX Font Info:    Overwriting symbol font `lasy' in version `bold'
(Font)                  U/lasy/m/n --> U/lasy/b/n on input line 52.
)
(C:\Users\achal\AppData\Local\Programs\MiKTeX\tex/latex/cancel\cancel.sty
Package: cancel 2013/04/12 v2.2 Cancel math terms
)
(C:\Users\achal\AppData\Local\Programs\MiKTeX\tex/latex/graphics\graphicx.sty
Package: graphicx 2020/09/09 v1.2b Enhanced LaTeX Graphics (DPC,SPQR)

(C:\Users\achal\AppData\Local\Programs\MiKTeX\tex/latex/graphics\keyval.sty
Package: keyval 2014/10/28 v1.15 key=value parser (DPC)
\KV@toks@=\toks23
)
(C:\Users\achal\AppData\Local\Programs\MiKTeX\tex/latex/graphics\graphics.sty
Package: graphics 2020/08/30 v1.4c Standard LaTeX Graphics (DPC,SPQR)

(C:\Users\achal\AppData\Local\Programs\MiKTeX\tex/latex/graphics\trig.sty
Package: trig 2016/01/03 v1.10 sin cos tan (DPC)
)
(C:\Users\achal\AppData\Local\Programs\MiKTeX\tex/latex/graphics-cfg\graphics.c
fg
File: graphics.cfg 2016/06/04 v1.11 sample graphics configuration
)
Package graphics Info: Driver file: pdftex.def on input line 105.

(C:\Users\achal\AppData\Local\Programs\MiKTeX\tex/latex/graphics-def\pdftex.def
File: pdftex.def 2020/10/05 v1.2a Graphics/color driver for pdftex
))
\Gin@req@height=\dimen149
\Gin@req@width=\dimen150
)
(C:\Users\achal\AppData\Local\Programs\MiKTeX\tex/latex/epstopdf-pkg\epstopdf.s
ty
Package: epstopdf 2020-01-24 v2.11 Conversion with epstopdf on the fly (HO)

(C:\Users\achal\AppData\Local\Programs\MiKTeX\tex/generic/infwarerr\infwarerr.s
ty
Package: infwarerr 2019/12/03 v1.5 Providing info/warning/error messages (HO)
) (C:\Users\achal\AppData\Local\Programs\MiKTeX\tex/latex/grfext\grfext.sty
Package: grfext 2019/12/03 v1.3 Manage graphics extensions (HO)

(C:\Users\achal\AppData\Local\Programs\MiKTeX\tex/generic/kvdefinekeys\kvdefine
keys.sty
Package: kvdefinekeys 2019-12-19 v1.6 Define keys (HO)
))
(C:\Users\achal\AppData\Local\Programs\MiKTeX\tex/latex/kvoptions\kvoptions.sty
Package: kvoptions 2020-10-07 v3.14 Key value format for package options (HO)
(C:\Users\achal\AppData\Local\Programs\MiKTeX\tex/generic/ltxcmds\ltxcmds.sty
Package: ltxcmds 2020-05-10 v1.25 LaTeX kernel commands for general use (HO)
)
(C:\Users\achal\AppData\Local\Programs\MiKTeX\tex/generic/kvsetkeys\kvsetkeys.s
ty
Package: kvsetkeys 2019/12/15 v1.18 Key value parser (HO)
))
(C:\Users\achal\AppData\Local\Programs\MiKTeX\tex/generic/pdftexcmds\pdftexcmds
.sty
Package: pdftexcmds 2020-06-27 v0.33 Utility functions of pdfTeX for LuaTeX (HO
)
 (C:\Users\achal\AppData\Local\Programs\MiKTeX\tex/generic/iftex\iftex.sty
Package: iftex 2020/03/06 v1.0d TeX engine tests
)
Package pdftexcmds Info: \pdf@primitive is available.
Package pdftexcmds Info: \pdf@ifprimitive is available.
Package pdftexcmds Info: \pdfdraftmode found.
)
(C:\Users\achal\AppData\Local\Programs\MiKTeX\tex/latex/epstopdf-pkg\epstopdf-b
ase.sty
Package: epstopdf-base 2020-01-24 v2.11 Base part for package epstopdf
Package epstopdf-base Info: Redefining graphics rule for `.eps' on input line 4
85.
Package grfext Info: Graphics extension search list:
(grfext)             [.pdf,.png,.jpg,.mps,.jpeg,.jbig2,.jb2,.PDF,.PNG,.JPG,.JPE
G,.JBIG2,.JB2,.eps]
(grfext)             \AppendGraphicsExtensions on input line 504.
))
(C:\Users\achal\AppData\Local\Programs\MiKTeX\tex/latex/float\float.sty
Package: float 2001/11/08 v1.3d Float enhancements (AL)
\c@float@type=\count268
\float@exts=\toks24
\float@box=\box49
\@float@everytoks=\toks25
\@floatcapt=\box50
)
(C:\Users\achal\AppData\Local\Programs\MiKTeX\tex/latex/subfigure\subfigure.sty
Package: subfigure 2002/07/30 v2.1.4 subfigure package
\subfigtopskip=\skip52
\subfigcapskip=\skip53
\subfigcaptopadj=\dimen151
\subfigbottomskip=\skip54
\subfigcapmargin=\dimen152
\subfiglabelskip=\skip55
\c@subfigure=\count269
\c@lofdepth=\count270
\c@subtable=\count271
\c@lotdepth=\count272
****************************************
* Local config file subfigure.cfg used *
****************************************

(C:\Users\achal\AppData\Local\Programs\MiKTeX\tex/latex/subfigure\subfigure.cfg
)
\subfig@top=\skip56
\subfig@bottom=\skip57
)
(C:\Users\achal\AppData\Local\Programs\MiKTeX\tex/latex/l3backend\l3backend-pdf
tex.def
File: l3backend-pdftex.def 2021-03-02 L3 backend support: PDF output (pdfTeX)
\l__color_backend_stack_int=\count273
\l__pdf_internal_box=\box51
) (Práctica 4.aux
LaTeX Info: Redefining \. on input line 8.
LaTeX Info: Redefining \% on input line 8.


LaTeX Warning: Label `figura1' multiply defined.


LaTeX Warning: Label `figura1.1' multiply defined.

)
\openout1 = `"Práctica 4.aux"'.

LaTeX Font Info:    Checking defaults for OML/cmm/m/it on input line 17.
LaTeX Font Info:    ... okay on input line 17.
LaTeX Font Info:    Checking defaults for OMS/cmsy/m/n on input line 17.
LaTeX Font Info:    ... okay on input line 17.
LaTeX Font Info:    Checking defaults for OT1/cmr/m/n on input line 17.
LaTeX Font Info:    ... okay on input line 17.
LaTeX Font Info:    Checking defaults for T1/cmr/m/n on input line 17.
LaTeX Font Info:    ... okay on input line 17.
LaTeX Font Info:    Checking defaults for TS1/cmr/m/n on input line 17.
LaTeX Font Info:    ... okay on input line 17.
LaTeX Font Info:    Checking defaults for OMX/cmex/m/n on input line 17.
LaTeX Font Info:    ... okay on input line 17.
LaTeX Font Info:    Checking defaults for U/cmr/m/n on input line 17.
LaTeX Font Info:    ... okay on input line 17.
LaTeX Info: Redefining \. on input line 17.
LaTeX Info: Redefining \% on input line 17.

(C:\Users\achal\AppData\Local\Programs\MiKTeX\tex/context/base/mkii\supp-pdf.mk
ii
[Loading MPS to PDF converter (version 2006.09.02).]
\scratchcounter=\count274
\scratchdimen=\dimen153
\scratchbox=\box52
\nofMPsegments=\count275
\nofMParguments=\count276
\everyMPshowfont=\toks26
\MPscratchCnt=\count277
\MPscratchDim=\dimen154
\MPnumerator=\count278
\makeMPintoPDFobject=\count279
\everyMPtoPDFconversion=\toks27
)
LaTeX Font Info:    Trying to load font information for U+msa on input line 21.

 (C:\Users\achal\AppData\Local\Programs\MiKTeX\tex/latex/amsfonts\umsa.fd
File: umsa.fd 2013/01/14 v3.01 AMS symbols A
)
LaTeX Font Info:    Trying to load font information for U+msb on input line 21.


(C:\Users\achal\AppData\Local\Programs\MiKTeX\tex/latex/amsfonts\umsb.fd
File: umsb.fd 2013/01/14 v3.01 AMS symbols B
)
LaTeX Font Info:    Trying to load font information for U+lasy on input line 21
.

(C:\Users\achal\AppData\Local\Programs\MiKTeX\tex/latex/base\ulasy.fd
File: ulasy.fd 1998/08/17 v2.2e LaTeX symbol font definitions
)
(Práctica 4.toc
LaTeX Info: Redefining \. on input line 1.
LaTeX Info: Redefining \% on input line 1.
)
\tf@toc=\write3
\openout3 = `"Práctica 4.toc"'.

<imagen1.pdf, id=1, 220.25143pt x 210.18053pt>
File: imagen1.pdf Graphic file (type pdf)
<use imagen1.pdf>
Package pdftex.def Info: imagen1.pdf  used on input line 29.
(pdftex.def)             Requested size: 220.25089pt x 210.18pt.

Underfull \hbox (badness 10000) in paragraph at lines 29--33

 []

[1

{C:/Users/achal/AppData/Local/MiKTeX/pdftex/config/pdftex.map}]
File: imagen1.pdf Graphic file (type pdf)
<use imagen1.pdf>
Package pdftex.def Info: imagen1.pdf  used on input line 36.
(pdftex.def)             Requested size: 88.099pt x 84.07071pt.
File: imagen1.pdf Graphic file (type pdf)
<use imagen1.pdf>
Package pdftex.def Info: imagen1.pdf  used on input line 43.
(pdftex.def)             Requested size: 22.02643pt x 21.01927pt.
File: imagen1.pdf Graphic file (type pdf)
<use imagen1.pdf>
Package pdftex.def Info: imagen1.pdf  used on input line 49.
(pdftex.def)             Requested size: 113.81102pt x 108.60497pt.
 [2 <./imagen1.pdf>]
File: imagen1.pdf Graphic file (type pdf)
<use imagen1.pdf>
Package pdftex.def Info: imagen1.pdf  used on input line 56.
(pdftex.def)             Requested size: 149.08339pt x 142.26378pt.
File: imagen1.pdf Graphic file (type pdf)
<use imagen1.pdf>
Package pdftex.def Info: imagen1.pdf  used on input line 60.
(pdftex.def)             Requested size: 22.02643pt x 21.01927pt.
File: imagen1.pdf Graphic file (type pdf)
<use imagen1.pdf>
Package pdftex.def Info: imagen1.pdf  used on input line 61.
(pdftex.def)             Requested size: 44.0495pt x 42.03535pt.
File: imagen1.pdf Graphic file (type pdf)
<use imagen1.pdf>
Package pdftex.def Info: imagen1.pdf  used on input line 62.
(pdftex.def)             Requested size: 66.07593pt x 63.05463pt.
File: imagen1.pdf Graphic file (type pdf)
<use imagen1.pdf>
Package pdftex.def Info: imagen1.pdf  used on input line 63.
(pdftex.def)             Requested size: 88.099pt x 84.07071pt.
 [3]
Underfull \hbox (badness 10000) in paragraph at lines 68--69

 []

<imagenmat.pdf, id=20, 421.576pt x 316.18227pt>
File: imagenmat.pdf Graphic file (type pdf)
<use imagenmat.pdf>
Package pdftex.def Info: imagenmat.pdf  used on input line 73.
(pdftex.def)             Requested size: 210.78748pt x 158.09074pt.
Package epstopdf Info: Source file: <figuras/imagenmat2.eps>
(epstopdf)                    date: 2021-03-14 18:59:05
(epstopdf)                    size: 40849 bytes
(epstopdf)             Output file: <figuras/imagenmat2-eps-converted-to.pdf>
(epstopdf)                    date: 2021-03-16 19:14:01
(epstopdf)                    size: 13918 bytes
(epstopdf)             Command: <epstopdf --outfile=figuras/imagenmat2-eps-conv
erted-to.pdf figuras/imagenmat2.eps>
(epstopdf)             \includegraphics on input line 90.
Package epstopdf Info: Output file is already uptodate.


pdfTeX warning: pdflatex (file ./figuras/imagenmat2-eps-converted-to.pdf): PDF 
inclusion: found PDF version <1.7>, but at most version <1.5> allowed
<figuras/imagenmat2-eps-converted-to.pdf, id=21, 420.57124pt x 316.18124pt>
File: figuras/imagenmat2-eps-converted-to.pdf Graphic file (type pdf)
<use figuras/imagenmat2-eps-converted-to.pdf>
Package pdftex.def Info: figuras/imagenmat2-eps-converted-to.pdf  used on input
 line 90.
(pdftex.def)             Requested size: 210.28511pt x 158.09023pt.
[4 <./imagenmat.pdf>]
<figuras/elefante.jpg, id=34, 682.55pt x 361.35pt>
File: figuras/elefante.jpg Graphic file (type jpg)
<use figuras/elefante.jpg>
Package pdftex.def Info: figuras/elefante.jpg  used on input line 99.
(pdftex.def)             Requested size: 204.76657pt x 108.40584pt.
<figuras/Petirrojo2.jpg, id=35, 1027.84pt x 770.88pt>
File: figuras/Petirrojo2.jpg Graphic file (type jpg)
<use figuras/Petirrojo2.jpg>
Package pdftex.def Info: figuras/Petirrojo2.jpg  used on input line 110.
(pdftex.def)             Requested size: 154.16934pt x 115.627pt.
 [5 <./figuras/imagenmat2-eps-converted-to.pdf> <./figuras/elefante.jpg>]
File: figuras/Petirrojo2.jpg Graphic file (type jpg)
<use figuras/Petirrojo2.jpg>
Package pdftex.def Info: figuras/Petirrojo2.jpg  used on input line 122.
(pdftex.def)             Requested size: 102.79001pt x 77.09251pt.
File: figuras/Petirrojo2.jpg Graphic file (type jpg)
<use figuras/Petirrojo2.jpg>
Package pdftex.def Info: figuras/Petirrojo2.jpg  used on input line 125.
(pdftex.def)             Requested size: 102.79001pt x 77.09251pt.
File: figuras/Petirrojo2.jpg Graphic file (type jpg)
<use figuras/Petirrojo2.jpg>
Package pdftex.def Info: figuras/Petirrojo2.jpg  used on input line 128.
(pdftex.def)             Requested size: 102.79001pt x 77.09251pt.
File: imagenmat.pdf Graphic file (type pdf)
<use imagenmat.pdf>
Package pdftex.def Info: imagenmat.pdf  used on input line 138.
(pdftex.def)             Requested size: 210.78748pt x 158.09074pt.
File: imagenmat.pdf Graphic file (type pdf)
<use imagenmat.pdf>
Package pdftex.def Info: imagenmat.pdf  used on input line 148.
(pdftex.def)             Requested size: 210.78748pt x 158.09074pt.
 [6 <./figuras/Petirrojo2.jpg>] [7] (Práctica 4.aux
LaTeX Info: Redefining \. on input line 8.
LaTeX Info: Redefining \% on input line 8.
)

LaTeX Warning: There were multiply-defined labels.

 ) 
Here is how much of TeX's memory you used:
 4549 strings out of 479319
 63857 string characters out of 2856487
 365051 words of memory out of 3000000
 21914 multiletter control sequences out of 15000+200000
 418237 words of font info for 71 fonts, out of 3000000 for 9000
 1141 hyphenation exceptions out of 8191
 68i,7n,74p,374b,361s stack positions out of 5000i,500n,10000p,200000b,50000s
{C:/Users/achal/AppData/Local/Programs/MiKTeX/fonts/enc/dvips/cm-super/cm-sup
er-t1.enc}<C:/Users/achal/AppData/Local/Programs/MiKTeX/fonts/type1/public/amsf
onts/cm/cmmi12.pfb><C:/Users/achal/AppData/Local/Programs/MiKTeX/fonts/type1/pu
blic/amsfonts/cm/cmr12.pfb><C:/Users/achal/AppData/Local/Programs/MiKTeX/fonts/
type1/public/cm-super/sfbx1200.pfb><C:/Users/achal/AppData/Local/Programs/MiKTe
X/fonts/type1/public/cm-super/sfbx1440.pfb><C:/Users/achal/AppData/Local/Progra
ms/MiKTeX/fonts/type1/public/cm-super/sfbx1728.pfb><C:/Users/achal/AppData/Loca
l/Programs/MiKTeX/fonts/type1/public/cm-super/sfrm0800.pfb><C:/Users/achal/AppD
ata/Local/Programs/MiKTeX/fonts/type1/public/cm-super/sfrm1000.pfb><C:/Users/ac
hal/AppData/Local/Programs/MiKTeX/fonts/type1/public/cm-super/sfrm1200.pfb><C:/
Users/achal/AppData/Local/Programs/MiKTeX/fonts/type1/public/cm-super/sfrm1440.
pfb><C:/Users/achal/AppData/Local/Programs/MiKTeX/fonts/type1/public/cm-super/s
frm2074.pfb>
Output written on "Práctica 4.pdf" (7 pages, 638633 bytes).
PDF statistics:
 89 PDF objects out of 1000 (max. 8388607)
 0 named destinations out of 1000 (max. 500000)
 26 words of extra memory for PDF output out of 10000 (max. 10000000)

