This is pdfTeX, Version 3.141592653-2.6-1.40.22 (MiKTeX 21.6) (preloaded format=pdflatex 2021.7.24)  29 SEP 2021 17:17
entering extended mode
**./Caratula.tex
(Caratula.tex
LaTeX2e <2021-06-01>
L3 programming layer <2021-06-01>

! LaTeX Error: Environment titlepage undefined.

See the LaTeX manual or LaTeX Companion for explanation.
Type  H <return>  for immediate help.
 ...                                              
                                                  
l.1 \begin{titlepage}
                     
Your command was ignored.
Type  I <command> <return>  to replace it with another command,
or  <return>  to continue without it.


! LaTeX Error: Missing \begin{document}.

See the LaTeX manual or LaTeX Companion for explanation.
Type  H <return>  for immediate help.
 ...                                              
                                                  
l.3 	\begin{center}
                   
You're in trouble here.  Try typing  <return>  to proceed.
If that doesn't work, type  X <return>  to quit.


Overfull \hbox (20.0pt too wide) in paragraph at lines 3--3
[] 
 []

! Undefined control sequence.
l.5 		{\LARGE
              \textbf{UNIVERSIDAD NACIONAL DE INGENIERÍA}}\\
The control sequence at the end of the top line
of your error message was never \def'ed. If you have
misspelled it (e.g., `\hobx'), type `I' and the correct
spelling (e.g., `I\hbox'). Otherwise just continue,
and I'll forget about whatever was undefined.


Overfull \hbox (83.84676pt too wide) in paragraph at lines 5--5
 \OT1/cmr/bx/n/10 UNIVERSIDAD 
 []


Overfull \hbox (21.52766pt too wide) in paragraph at lines 5--5
 \OT1/cmr/bx/n/10 NA- 
 []


Overfull \hbox (45.91641pt too wide) in paragraph at lines 5--5
 \OT1/cmr/bx/n/10 CIONAL 
 []


Overfull \hbox (16.37491pt too wide) in paragraph at lines 5--5
 \OT1/cmr/bx/n/10 DE 
 []


Overfull \hbox (17.19435pt too wide) in paragraph at lines 5--5
 \OT1/cmr/bx/n/10 IN- 
 []


Overfull \hbox (20.43044pt too wide) in paragraph at lines 5--5
 \OT1/cmr/bx/n/10 GE- 
 []


Overfull \hbox (42.59698pt too wide) in paragraph at lines 5--5
 \OT1/cmr/bx/n/10 NIER[]IA 
 []

! Undefined control sequence.
l.7 		{\LARGE
              \textbf{\@facultad}}\\
The control sequence at the end of the top line
of your error message was never \def'ed. If you have
misspelled it (e.g., `\hobx'), type `I' and the correct
spelling (e.g., `I\hbox'). Otherwise just continue,
and I'll forget about whatever was undefined.


Overfull \hbox (40.24974pt too wide) in paragraph at lines 7--7
 []\OT1/cmr/bx/n/10 facultad 
 []


! LaTeX Error: Environment figure undefined.

See the LaTeX manual or LaTeX Companion for explanation.
Type  H <return>  for immediate help.
 ...                                              
                                                  
l.9 		\begin{figure}
                    [h]
Your command was ignored.
Type  I <command> <return>  to replace it with another command,
or  <return>  to continue without it.

Missing character: There is no [ in font nullfont!
Missing character: There is no h in font nullfont!
Missing character: There is no ] in font nullfont!
! Undefined control sequence.
l.11 			\includegraphics
                        [scale=1]{E_IMAGENES/0_Caratula/UNI_LOGO1.pdf}
The control sequence at the end of the top line
of your error message was never \def'ed. If you have
misspelled it (e.g., `\hobx'), type `I' and the correct
spelling (e.g., `I\hbox'). Otherwise just continue,
and I'll forget about whatever was undefined.

Missing character: There is no [ in font nullfont!
Missing character: There is no s in font nullfont!
Missing character: There is no c in font nullfont!
Missing character: There is no a in font nullfont!
Missing character: There is no l in font nullfont!
Missing character: There is no e in font nullfont!
Missing character: There is no = in font nullfont!
Missing character: There is no 1 in font nullfont!
Missing character: There is no ] in font nullfont!
Missing character: There is no E in font nullfont!
! Missing $ inserted.
<inserted text> 
                $
l.11 			\includegraphics[scale=1]{E_
                                    IMAGENES/0_Caratula/UNI_LOGO1.pdf}
I've inserted a begin-math/end-math symbol since I think
you left one out. Proceed, with fingers crossed.

LaTeX Font Info:    External font `cmex10' loaded for size
(Font)              <7> on input line 11.
LaTeX Font Info:    External font `cmex10' loaded for size
(Font)              <5> on input line 11.
! Extra }, or forgotten $.
l.11 ...le=1]{E_IMAGENES/0_Caratula/UNI_LOGO1.pdf}
                                                  
I've deleted a group-closing symbol because it seems to be
spurious, as in `$x}$'. But perhaps the } is legitimate and
you forgot something else, as in `\hbox{$x}'. In such cases
the way to recover is to insert both the forgotten and the
deleted material, e.g., by typing `I$}'.


! LaTeX Error: \begin{center} on input line 3 ended by \end{figure}.

See the LaTeX manual or LaTeX Companion for explanation.
Type  H <return>  for immediate help.
 ...                                              
                                                  
l.12 		\end{figure}
                   
Your command was ignored.
Type  I <command> <return>  to replace it with another command,
or  <return>  to continue without it.

! Missing $ inserted.
<inserted text> 
                $
l.12 		\end{figure}
                   
I've inserted something that you may have forgotten.
(See the <inserted text> above.)
With luck, this will get me unwedged. But if you
really didn't forget anything, try typing `2' now; then
my insertion and my current dilemma will both disappear.

! Missing } inserted.
<inserted text> 
                }
l.12 		\end{figure}
                   
I've inserted something that you may have forgotten.
(See the <inserted text> above.)
With luck, this will get me unwedged. But if you
really didn't forget anything, try typing `2' now; then
my insertion and my current dilemma will both disappear.

! Undefined control sequence.
l.14 		{\Large
               \textbf{TESIS} }\\
The control sequence at the end of the top line
of your error message was never \def'ed. If you have
misspelled it (e.g., `\hobx'), type `I' and the correct
spelling (e.g., `I\hbox'). Otherwise just continue,
and I'll forget about whatever was undefined.


Overfull \hbox (190.24413pt too wide) in paragraph at lines 9--14
 []\OML/cmm/m/it/10 MAGENES=\OT1/cmr/m/n/10 0[]\OML/cmm/m/it/10 aratula=UNI[]OG
O\OT1/cmr/m/n/10 1\OML/cmm/m/it/10 :pdf$ 
 []


Overfull \hbox (32.69426pt too wide) in paragraph at lines 9--14
 \OT1/cmr/bx/n/10 TESIS 
 []

! Undefined control sequence.
l.17 		\onehalfspacing
                        % Espaciamiento 1.5
The control sequence at the end of the top line
of your error message was never \def'ed. If you have
misspelled it (e.g., `\hobx'), type `I' and the correct
spelling (e.g., `I\hbox'). Otherwise just continue,
and I'll forget about whatever was undefined.

! Undefined control sequence.
l.18 		{\Large
               \textbf{``{\@titlecaratula}''} }\\
The control sequence at the end of the top line
of your error message was never \def'ed. If you have
misspelled it (e.g., `\hobx'), type `I' and the correct
spelling (e.g., `I\hbox'). Otherwise just continue,
and I'll forget about whatever was undefined.


Overfull \hbox (73.33292pt too wide) in paragraph at lines 18--18
 []\OT1/cmr/bx/n/10 ``titlecaratula'' 
 []

! Undefined control sequence.
l.20 		\singlespacing
                       % Fin del espaciamiento 1.5
The control sequence at the end of the top line
of your error message was never \def'ed. If you have
misspelled it (e.g., `\hobx'), type `I' and the correct
spelling (e.g., `I\hbox'). Otherwise just continue,
and I'll forget about whatever was undefined.

! Undefined control sequence.
l.23 		{\large
               \textbf{PARA OBTENER EL TÍTULO PROFESIONAL DE {\@grado} } }\\
The control sequence at the end of the top line
of your error message was never \def'ed. If you have
misspelled it (e.g., `\hobx'), type `I' and the correct
spelling (e.g., `I\hbox'). Otherwise just continue,
and I'll forget about whatever was undefined.


Overfull \hbox (32.91649pt too wide) in paragraph at lines 23--23
 []\OT1/cmr/bx/n/10 PARA 
 []


Overfull \hbox (57.55524pt too wide) in paragraph at lines 23--23
 \OT1/cmr/bx/n/10 OBTENER 
 []


Overfull \hbox (14.47214pt too wide) in paragraph at lines 23--23
 \OT1/cmr/bx/n/10 EL 
 []


Overfull \hbox (44.76363pt too wide) in paragraph at lines 23--23
 \OT1/cmr/bx/n/10 T[]ITULO 
 []


Overfull \hbox (28.63873pt too wide) in paragraph at lines 23--23
 \OT1/cmr/bx/n/10 PRO- 
 []


Overfull \hbox (18.6249pt too wide) in paragraph at lines 23--23
 \OT1/cmr/bx/n/10 FE- 
 []


Overfull \hbox (43.99976pt too wide) in paragraph at lines 23--23
 \OT1/cmr/bx/n/10 SIONAL 
 []


Overfull \hbox (16.37491pt too wide) in paragraph at lines 23--23
 \OT1/cmr/bx/n/10 DE 
 []


Overfull \hbox (28.21512pt too wide) in paragraph at lines 23--23
 \OT1/cmr/bx/n/10 grado 
 []

! Undefined control sequence.
l.25 		{\large
               \textbf{ELABORADO POR:} }\\
The control sequence at the end of the top line
of your error message was never \def'ed. If you have
misspelled it (e.g., `\hobx'), type `I' and the correct
spelling (e.g., `I\hbox'). Otherwise just continue,
and I'll forget about whatever was undefined.


Overfull \hbox (74.76347pt too wide) in paragraph at lines 25--25
 []\OT1/cmr/bx/n/10 ELABORADO 
 []


Overfull \hbox (28.31929pt too wide) in paragraph at lines 25--25
 \OT1/cmr/bx/n/10 POR: 
 []

! Undefined control sequence.
l.27 		{\large
               \textbf{\@authorcaratula} }\\
The control sequence at the end of the top line
of your error message was never \def'ed. If you have
misspelled it (e.g., `\hobx'), type `I' and the correct
spelling (e.g., `I\hbox'). Otherwise just continue,
and I'll forget about whatever was undefined.


Overfull \hbox (73.99954pt too wide) in paragraph at lines 27--27
 []\OT1/cmr/bx/n/10 authorcaratula 
 []

! Undefined control sequence.
l.29 		{\large
               \textbf{ASESOR:} }\\
The control sequence at the end of the top line
of your error message was never \def'ed. If you have
misspelled it (e.g., `\hobx'), type `I' and the correct
spelling (e.g., `I\hbox'). Otherwise just continue,
and I'll forget about whatever was undefined.


Overfull \hbox (49.48584pt too wide) in paragraph at lines 29--29
 []\OT1/cmr/bx/n/10 ASESOR: 
 []

! Undefined control sequence.
l.31 		{\large
               \textbf{\@asesor} }\\
The control sequence at the end of the top line
of your error message was never \def'ed. If you have
misspelled it (e.g., `\hobx'), type `I' and the correct
spelling (e.g., `I\hbox'). Otherwise just continue,
and I'll forget about whatever was undefined.


Overfull \hbox (30.41925pt too wide) in paragraph at lines 31--31
 []\OT1/cmr/bx/n/10 asesor 
 []

! Undefined control sequence.
l.33 		{\large
               \textbf{LIMA - PERÚ} }\\
The control sequence at the end of the top line
of your error message was never \def'ed. If you have
misspelled it (e.g., `\hobx'), type `I' and the correct
spelling (e.g., `I\hbox'). Otherwise just continue,
and I'll forget about whatever was undefined.


Overfull \hbox (30.88872pt too wide) in paragraph at lines 33--33
 []\OT1/cmr/bx/n/10 LIMA 
 []


Overfull \hbox (3.83331pt too wide) in paragraph at lines 33--33
 \OT1/cmr/bx/n/10 - 
 []


Overfull \hbox (32.8887pt too wide) in paragraph at lines 33--33
 \OT1/cmr/bx/n/10 PER[]U 
 []

! Undefined control sequence.
l.35 		{\large
               \textbf{\@yyearr} }\\
The control sequence at the end of the top line
of your error message was never \def'ed. If you have
misspelled it (e.g., `\hobx'), type `I' and the correct
spelling (e.g., `I\hbox'). Otherwise just continue,
and I'll forget about whatever was undefined.


Overfull \hbox (32.15262pt too wide) in paragraph at lines 35--35
 []\OT1/cmr/bx/n/10 yyearr 
 []


! LaTeX Error: \begin{document} ended by \end{titlepage}.

See the LaTeX manual or LaTeX Companion for explanation.
Type  H <return>  for immediate help.
 ...                                              
                                                  
l.39 \end{titlepage}
                    
Your command was ignored.
Type  I <command> <return>  to replace it with another command,
or  <return>  to continue without it.

)
! Emergency stop.
<*> ./Caratula.tex
                  
*** (job aborted, no legal \end found)

 
Here is how much of TeX's memory you used:
 27 strings out of 478826
 684 string characters out of 2857145
 295240 words of memory out of 3000000
 18068 multiletter control sequences out of 15000+600000
 403738 words of font info for 28 fonts, out of 8000000 for 9000
 1141 hyphenation exceptions out of 8191
 18i,1n,12p,128b,130s stack positions out of 5000i,500n,10000p,200000b,80000s
!  ==> Fatal error occurred, no output PDF file produced!
